#
# A fatal error has been detected by the Java Runtime Environment:
#
#  SIGSEGV (0xb) at pc=0x00007fff8b25e0dd, pid=1052, tid=1811
#
# JRE version: Java(TM) SE Runtime Environment (8.0_25-b17) (build 1.8.0_25-b17)
# Java VM: Java HotSpot(TM) 64-Bit Server VM (25.25-b02 mixed mode bsd-amd64 compressed oops)
# Problematic frame:
# C  [libobjc.A.dylib+0x10dd]  objc_msgSend+0x1d
#
# Failed to write core dump. Core dumps have been disabled. To enable core dumping, try "ulimit -c unlimited" before starting Java again
#
# If you would like to submit a bug report, please visit:
#   http://bugreport.sun.com/bugreport/crash.jsp
# The crash happened outside the Java Virtual Machine in native code.
# See problematic frame for where to report the bug.
#

---------------  T H R E A D  ---------------

Current thread (0x00007f92aa84e000):  JavaThread "AppKit Thread" daemon [_thread_in_native, id=1811, stack(0x00007fff5e586000,0x00007fff5ed86000)]

siginfo: si_signo: 11 (SIGSEGV), si_code: 1 (SEGV_MAPERR), si_addr: 0x000007f92a953110

Registers:
RAX=0x00007f92a9515680, RBX=0x00007fff5ed81868, RCX=0x0000000000000000, RDX=0x00007f92a94cafe0
RSP=0x00007fff5ed81688, RBP=0x00007fff5ed81690, RSI=0x00007fff8493341e, RDI=0x00007f92a9515680
R8 =0x00007fff5ed81670, R9 =0x0000000000000055, R10=0x00007fff8493341e, R11=0x000007f92a9530f8
R12=0x00007f92a950ab00, R13=0x00000000000f42eb, R14=0x00007f92a9493550, R15=0x00007fff5ed817c8
RIP=0x00007fff8b25e0dd, EFLAGS=0x0000000000010202, ERR=0x0000000000000004
  TRAPNO=0x000000000000000e

Top of Stack: (sp=0x00007fff5ed81688)
0x00007fff5ed81688:   00007fff865ef45c 00007fff5ed819f0
0x00007fff5ed81698:   00007fff864df634 00007fff5ed8171c
0x00007fff5ed816a8:   00007fff5ed81720 00007fff5ed81724
0x00007fff5ed816b8:   00007fff75a15e00 ffffffffffffffff
0x00007fff5ed816c8:   00000000000007f8 00007fff75a15e18
0x00007fff5ed816d8:   00007f92a9493550 0000000000000000
0x00007fff5ed816e8:   00007fff5ed817c0 0000000000000000
0x00007fff5ed816f8:   00007f92a9492c20 00007fff5ed81840
0x00007fff5ed81708:   0000000000000055 00000000000f42ed
0x00007fff5ed81718:   00007f92a94cafe0 00007f92a9492650
0x00007fff5ed81728:   00007f92a950ab00 0000000000000001
0x00007fff5ed81738:   00000000000f42eb 00007f92a950aaf0
0x00007fff5ed81748:   00007fff8e556c05 00000001a947bca0
0x00007fff5ed81758:   00007fff7622c0d0 0000000042000000
0x00007fff5ed81768:   00007fff8e55de63 00007fff759e0240
0x00007fff5ed81778:   00007fff5ed81848 00007fff5ed817a0
0x00007fff5ed81788:   00007fff5ed817c0 0000000000000000
0x00007fff5ed81798:   0000000000000013 0004c00300000000
0x00007fff5ed817a8:   00007f92a950ab24 0000000000000000
0x00007fff5ed817b8:   0000000000000000 00007f92a9492ca0
0x00007fff5ed817c8:   00007f92a9493550 0000002000000000
0x00007fff5ed817d8:   0000000000000000 00007fff7622c0d0
0x00007fff5ed817e8:   0000000042000000 00007fff8e55d4f8
0x00007fff5ed817f8:   00007fff759e0350 00007fff5ed81758
0x00007fff5ed81808:   0000000000000000 00007fff5ed818d8
0x00007fff5ed81818:   00007fff73e33ea0 00007fff5ed81910
0x00007fff5ed81828:   00007fff8bbdc770 00007fff5ed818c0
0x00007fff5ed81838:   00007fff840674ed 0000000000000051
0x00007fff5ed81848:   0000000000000000 00000000000f42e2
0x00007fff5ed81858:   0000000000000053 0000000000000000
0x00007fff5ed81868:   00000000000f42eb 00007fff5ed818e4
0x00007fff5ed81878:   00000000003c4b01 00000000ffffffff 

Instructions: (pc=0x00007fff8b25e0dd)
0x00007fff8b25e0bd:   00 00 00 48 85 ff 2e 74 7a 40 f6 c7 01 2e 75 7e
0x00007fff8b25e0cd:   49 bb f8 ff ff ff ff 7f 00 00 4c 23 1f 49 89 f2
0x00007fff8b25e0dd:   45 23 53 18 49 c1 e2 04 4d 03 53 10 49 3b 32 75
0x00007fff8b25e0ed:   04 41 ff 62 08 49 83 3a 00 74 6a 4d 3b 53 10 74 

Register to memory mapping:

RAX=0x00007f92a9515680 is an unknown value
RBX=0x00007fff5ed81868 is pointing into the stack for thread: 0x00007f92aa84e000
RCX=0x0000000000000000 is an unknown value
RDX=0x00007f92a94cafe0 is an unknown value
RSP=0x00007fff5ed81688 is pointing into the stack for thread: 0x00007f92aa84e000
RBP=0x00007fff5ed81690 is pointing into the stack for thread: 0x00007f92aa84e000
RSI=0x00007fff8493341e: -[NSTitlebarContainerView transparent]+0x5e312 in /System/Library/Frameworks/AppKit.framework/Versions/C/AppKit at 0x00007fff83f32000
RDI=0x00007f92a9515680 is an unknown value
R8 =0x00007fff5ed81670 is pointing into the stack for thread: 0x00007f92aa84e000
R9 =0x0000000000000055 is an unknown value
R10=0x00007fff8493341e: -[NSTitlebarContainerView transparent]+0x5e312 in /System/Library/Frameworks/AppKit.framework/Versions/C/AppKit at 0x00007fff83f32000
R11=0x000007f92a9530f8 is an unknown value
R12=0x00007f92a950ab00 is an unknown value
R13=0x00000000000f42eb is an unknown value
R14=0x00007f92a9493550 is an unknown value
R15=0x00007fff5ed817c8 is pointing into the stack for thread: 0x00007f92aa84e000


Stack: [0x00007fff5e586000,0x00007fff5ed86000],  sp=0x00007fff5ed81688,  free space=8173k
Native frames: (J=compiled Java code, j=interpreted, Vv=VM code, C=native code)
C  [libobjc.A.dylib+0x10dd]  objc_msgSend+0x1d
C  [CoreFoundation+0x10634]  _CFXNotificationPost+0xc44
C  [Foundation+0x79d1]  -[NSNotificationCenter postNotificationName:object:userInfo:]+0x42
C  [AppKit+0x439c2]  -[NSSurface _disposeSurface]+0x98
C  [AppKit+0x43426]  -[NSSurface setWindow:]+0x42
C  [AppKit+0x33910]  -[NSView _setWindow:]+0xa33
C  [AppKit+0x6af91]  -[NSView removeFromSuperview]+0x1c5
C  [AppKit+0x14bd99]  -[NSView removeFromSuperviewWithoutNeedingDisplay]+0x26
C  [liblwjgl.dylib+0xa205]  +[MacOSXKeyableWindow destroyWindow]+0xb5
C  [Foundation+0x92d00]  __NSThreadPerformPerform+0x125
C  [CoreFoundation+0x80a01]  __CFRUNLOOP_IS_CALLING_OUT_TO_A_SOURCE0_PERFORM_FUNCTION__+0x11
C  [CoreFoundation+0x72b8d]  __CFRunLoopDoSources0+0x10d
C  [CoreFoundation+0x721bf]  __CFRunLoopRun+0x39f
C  [CoreFoundation+0x71bd8]  CFRunLoopRunSpecific+0x128
C  [HIToolbox+0x3256f]  RunCurrentEventLoopInMode+0xeb
C  [HIToolbox+0x322ea]  ReceiveNextEventCommon+0x1af
C  [HIToolbox+0x3212b]  _BlockUntilNextEventMatchingListInModeWithFilter+0x47
C  [AppKit+0x918ab]  _DPSNextEvent+0x3d2
C  [AppKit+0x90e58]  -[NSApplication nextEventMatchingMask:untilDate:inMode:dequeue:]+0x15a
C  [libosxapp.dylib+0x242a]  -[NSApplicationAWT nextEventMatchingMask:untilDate:inMode:dequeue:]+0x7c
C  [AppKit+0x86af3]  -[NSApplication run]+0x252
C  [libosxapp.dylib+0x223e]  +[NSApplicationAWT runAWTLoopWithApp:]+0x9c
C  [libawt_lwawt.dylib+0x4494f]  -[AWTStarter starter:]+0x389
C  [Foundation+0x92d00]  __NSThreadPerformPerform+0x125
C  [CoreFoundation+0x80a01]  __CFRUNLOOP_IS_CALLING_OUT_TO_A_SOURCE0_PERFORM_FUNCTION__+0x11
C  [CoreFoundation+0x72b8d]  __CFRunLoopDoSources0+0x10d
C  [CoreFoundation+0x721bf]  __CFRunLoopRun+0x39f
C  [CoreFoundation+0x71bd8]  CFRunLoopRunSpecific+0x128
C  [java+0x56cc]  CreateExecutionEnvironment+0x367
C  [java+0x165c]  JLI_Launch+0x7a0
C  [java+0x768a]  main+0x65
C  [java+0xeb4]  start+0x34
C  0x0000000000000006


---------------  P R O C E S S  ---------------

Java Threads: ( => current thread )
  0x00007f92a9937800 JavaThread "AWT-Shutdown" [_thread_blocked, id=28187, stack(0x000000011c146000,0x000000011c246000)]
=>0x00007f92aa84e000 JavaThread "AppKit Thread" daemon [_thread_in_native, id=1811, stack(0x00007fff5e586000,0x00007fff5ed86000)]
  0x00007f92aa87f000 JavaThread "Service Thread" daemon [_thread_blocked, id=18179, stack(0x000000011a5a3000,0x000000011a6a3000)]
  0x00007f92aa854800 JavaThread "C1 CompilerThread2" daemon [_thread_blocked, id=17667, stack(0x000000011a4a0000,0x000000011a5a0000)]
  0x00007f92aa853800 JavaThread "C2 CompilerThread1" daemon [_thread_blocked, id=17155, stack(0x000000011a39d000,0x000000011a49d000)]
  0x00007f92aa819000 JavaThread "C2 CompilerThread0" daemon [_thread_blocked, id=16643, stack(0x000000011a29a000,0x000000011a39a000)]
  0x00007f92a9855000 JavaThread "Signal Dispatcher" daemon [_thread_blocked, id=12567, stack(0x000000011a197000,0x000000011a297000)]
  0x00007f92aa817000 JavaThread "Finalizer" daemon [_thread_blocked, id=11523, stack(0x000000011877b000,0x000000011887b000)]
  0x00007f92aa816800 JavaThread "Reference Handler" daemon [_thread_blocked, id=11011, stack(0x0000000118678000,0x0000000118778000)]
  0x00007f92aa805800 JavaThread "main" [_thread_in_native, id=4867, stack(0x0000000101eac000,0x0000000101fac000)]

Other Threads:
  0x00007f92a9844000 VMThread [stack: 0x0000000118575000,0x0000000118675000] [id=10499]
  0x00007f92aa001800 WatcherThread [stack: 0x000000011a6a6000,0x000000011a7a6000] [id=18691]

VM state:not at safepoint (normal execution)

VM Mutex/Monitor currently owned by a thread: None

Heap:
 PSYoungGen      total 38400K, used 11999K [0x0000000795580000, 0x0000000798000000, 0x00000007c0000000)
  eden space 33280K, 36% used [0x0000000795580000,0x0000000796137de0,0x0000000797600000)
  from space 5120K, 0% used [0x0000000797b00000,0x0000000797b00000,0x0000000798000000)
  to   space 5120K, 0% used [0x0000000797600000,0x0000000797600000,0x0000000797b00000)
 ParOldGen       total 87552K, used 0K [0x0000000740000000, 0x0000000745580000, 0x0000000795580000)
  object space 87552K, 0% used [0x0000000740000000,0x0000000740000000,0x0000000745580000)
 Metaspace       used 6897K, capacity 7049K, committed 7168K, reserved 1056768K
  class space    used 692K, capacity 727K, committed 768K, reserved 1048576K

Card table byte_map: [0x0000000111bc9000,0x0000000111fca000] byte_map_base: 0x000000010e1c9000

Marking Bits: (ParMarkBitMap*) 0x0000000101815390
 Begin Bits: [0x0000000112681000, 0x0000000114681000)
 End Bits:   [0x0000000114681000, 0x0000000116681000)

Polling page: 0x0000000101ff0000

CodeCache: size=245760Kb used=2728Kb max_used=2739Kb free=243031Kb
 bounds [0x0000000102809000, 0x0000000102ab9000, 0x0000000111809000]
 total_blobs=1073 nmethods=684 adapters=304
 compilation: enabled

Compilation events (10 events):
Event: 13.032 Thread 0x00007f92aa854800  680       3       org.newdawn.slick.opengl.TextureImpl::bind (39 bytes)
Event: 13.033 Thread 0x00007f92aa854800 nmethod 680 0x0000000102ab0150 code [0x0000000102ab0400, 0x0000000102ab1318]
Event: 13.033 Thread 0x00007f92aa854800  681       3       org.newdawn.slick.Color::bind (26 bytes)
Event: 13.033 Thread 0x00007f92aa854800 nmethod 681 0x0000000102ab1e90 code [0x0000000102ab2000, 0x0000000102ab21e8]
Event: 13.033 Thread 0x00007f92aa854800  682       3       org.newdawn.slick.opengl.renderer.ImmediateModeOGLRenderer::glColor4f (47 bytes)
Event: 13.034 Thread 0x00007f92aa854800 nmethod 682 0x0000000102ab22d0 code [0x0000000102ab24c0, 0x0000000102ab2c98]
Event: 13.034 Thread 0x00007f92aa854800  683       3       org.lwjgl.opengl.GL11::glColor4f (27 bytes)
Event: 13.034 Thread 0x00007f92aa854800 nmethod 683 0x0000000102ab3310 code [0x0000000102ab3500, 0x0000000102ab3bd8]
Event: 13.658 Thread 0x00007f92aa853800  684       4       java.nio.DirectByteBuffer::put (18 bytes)
Event: 13.659 Thread 0x00007f92aa853800 nmethod 684 0x0000000102ab6c90 code [0x0000000102ab6de0, 0x0000000102ab6e78]

GC Heap History (0 events):
No events

Deoptimization events (0 events):
No events

Internal exceptions (10 events):
Event: 1.650 Thread 0x00007f92aa805800 Exception <a 'java/security/PrivilegedActionException'> (0x0000000795eb22a8) thrown at [/HUDSON3/workspace/8-2-build-macosx-x86_64/jdk8u25/1514/hotspot/src/share/vm/prims/jvm.cpp, line 1312]
Event: 1.651 Thread 0x00007f92aa805800 Exception <a 'java/security/PrivilegedActionException'> (0x0000000795eb4bc0) thrown at [/HUDSON3/workspace/8-2-build-macosx-x86_64/jdk8u25/1514/hotspot/src/share/vm/prims/jvm.cpp, line 1312]
Event: 1.652 Thread 0x00007f92aa805800 Exception <a 'java/security/PrivilegedActionException'> (0x0000000795eb6970) thrown at [/HUDSON3/workspace/8-2-build-macosx-x86_64/jdk8u25/1514/hotspot/src/share/vm/prims/jvm.cpp, line 1312]
Event: 1.652 Thread 0x00007f92aa805800 Exception <a 'java/security/PrivilegedActionException'> (0x0000000795ebac50) thrown at [/HUDSON3/workspace/8-2-build-macosx-x86_64/jdk8u25/1514/hotspot/src/share/vm/prims/jvm.cpp, line 1312]
Event: 1.818 Thread 0x00007f92aa805800 Exception <a 'java/security/PrivilegedActionException'> (0x0000000796025730) thrown at [/HUDSON3/workspace/8-2-build-macosx-x86_64/jdk8u25/1514/hotspot/src/share/vm/prims/jvm.cpp, line 1312]
Event: 1.821 Thread 0x00007f92aa805800 Exception <a 'java/security/PrivilegedActionException'> (0x0000000796028b10) thrown at [/HUDSON3/workspace/8-2-build-macosx-x86_64/jdk8u25/1514/hotspot/src/share/vm/prims/jvm.cpp, line 1312]
Event: 1.823 Thread 0x00007f92aa805800 Exception <a 'java/security/PrivilegedActionException'> (0x000000079602f240) thrown at [/HUDSON3/workspace/8-2-build-macosx-x86_64/jdk8u25/1514/hotspot/src/share/vm/prims/jvm.cpp, line 1312]
Event: 1.827 Thread 0x00007f92aa805800 Exception <a 'java/security/PrivilegedActionException'> (0x00000007960324b8) thrown at [/HUDSON3/workspace/8-2-build-macosx-x86_64/jdk8u25/1514/hotspot/src/share/vm/prims/jvm.cpp, line 1312]
Event: 1.828 Thread 0x00007f92aa805800 Exception <a 'java/security/PrivilegedActionException'> (0x0000000796035578) thrown at [/HUDSON3/workspace/8-2-build-macosx-x86_64/jdk8u25/1514/hotspot/src/share/vm/prims/jvm.cpp, line 1312]
Event: 13.658 Thread 0x00007f92aa805800 Exception <a 'java/security/PrivilegedActionException'> (0x000000079605bdb8) thrown at [/HUDSON3/workspace/8-2-build-macosx-x86_64/jdk8u25/1514/hotspot/src/share/vm/prims/jvm.cpp, line 1312]

Events (10 events):
Event: 5.501 loading class java/util/IdentityHashMap$ValueIterator
Event: 5.501 loading class java/util/IdentityHashMap$IdentityHashMapIterator
Event: 5.502 loading class java/util/IdentityHashMap$IdentityHashMapIterator done
Event: 5.502 loading class java/util/IdentityHashMap$ValueIterator done
Event: 5.502 Thread 0x00007f92aa888800 Thread exited: 0x00007f92aa888800
Event: 5.907 Thread 0x00007f92a9937800 Thread added: 0x00007f92a9937800
Event: 7.001 Thread 0x00007f92aa805800 DEOPT PACKING pc=0x0000000102a23873 sp=0x0000000101fab5f0
Event: 7.001 Thread 0x00007f92aa805800 DEOPT UNPACKING pc=0x0000000102850373 sp=0x0000000101fab420 mode 0
Event: 13.658 loading class org/lwjgl/opengl/CallbackUtil
Event: 13.658 loading class org/lwjgl/opengl/CallbackUtil done


Dynamic libraries:
0x0000000003db7000 	/System/Library/Frameworks/Cocoa.framework/Versions/A/Cocoa
0x0000000003db7000 	/System/Library/Frameworks/Security.framework/Versions/A/Security
0x0000000003db7000 	/System/Library/Frameworks/ApplicationServices.framework/Versions/A/ApplicationServices
0x0000000003db7000 	/usr/lib/libz.1.dylib
0x0000000003db7000 	/usr/lib/libSystem.B.dylib
0x0000000003db7000 	/usr/lib/libobjc.A.dylib
0x0000000003db7000 	/System/Library/Frameworks/CoreFoundation.framework/Versions/A/CoreFoundation
0x0000000003db7000 	/System/Library/Frameworks/Foundation.framework/Versions/C/Foundation
0x0000000003db7000 	/System/Library/Frameworks/AppKit.framework/Versions/C/AppKit
0x0000000003db7000 	/System/Library/Frameworks/CoreData.framework/Versions/A/CoreData
0x0000000003db7000 	/System/Library/PrivateFrameworks/RemoteViewServices.framework/Versions/A/RemoteViewServices
0x0000000003db7000 	/System/Library/PrivateFrameworks/UIFoundation.framework/Versions/A/UIFoundation
0x0000000003db7000 	/System/Library/Frameworks/IOSurface.framework/Versions/A/IOSurface
0x0000000003db7000 	/System/Library/Frameworks/AudioToolbox.framework/Versions/A/AudioToolbox
0x0000000003db7000 	/System/Library/Frameworks/AudioUnit.framework/Versions/A/AudioUnit
0x0000000003db7000 	/System/Library/PrivateFrameworks/DataDetectorsCore.framework/Versions/A/DataDetectorsCore
0x0000000003db7000 	/System/Library/PrivateFrameworks/DesktopServicesPriv.framework/Versions/A/DesktopServicesPriv
0x0000000003db7000 	/System/Library/Frameworks/Carbon.framework/Versions/A/Frameworks/HIToolbox.framework/Versions/A/HIToolbox
0x0000000003db7000 	/System/Library/Frameworks/QuartzCore.framework/Versions/A/QuartzCore
0x0000000003db7000 	/System/Library/Frameworks/Carbon.framework/Versions/A/Frameworks/SpeechRecognition.framework/Versions/A/SpeechRecognition
0x0000000003db7000 	/usr/lib/libauto.dylib
0x0000000003db7000 	/usr/lib/libicucore.A.dylib
0x0000000003db7000 	/usr/lib/libxml2.2.dylib
0x0000000003db7000 	/System/Library/PrivateFrameworks/CoreUI.framework/Versions/A/CoreUI
0x0000000003db7000 	/System/Library/Frameworks/CoreAudio.framework/Versions/A/CoreAudio
0x0000000003db7000 	/System/Library/Frameworks/DiskArbitration.framework/Versions/A/DiskArbitration
0x0000000003db7000 	/usr/lib/liblangid.dylib
0x0000000003db7000 	/System/Library/PrivateFrameworks/MultitouchSupport.framework/Versions/A/MultitouchSupport
0x0000000003db7000 	/System/Library/Frameworks/IOKit.framework/Versions/A/IOKit
0x0000000003db7000 	/usr/lib/libDiagnosticMessagesClient.dylib
0x0000000003db7000 	/System/Library/Frameworks/CoreServices.framework/Versions/A/CoreServices
0x0000000003db7000 	/System/Library/PrivateFrameworks/PerformanceAnalysis.framework/Versions/A/PerformanceAnalysis
0x0000000003db7000 	/System/Library/PrivateFrameworks/GenerationalStorage.framework/Versions/A/GenerationalStorage
0x0000000003db7000 	/System/Library/Frameworks/OpenGL.framework/Versions/A/OpenGL
0x0000000003db7000 	/System/Library/PrivateFrameworks/Sharing.framework/Versions/A/Sharing
0x0000000003db7000 	/System/Library/Frameworks/CoreGraphics.framework/Versions/A/CoreGraphics
0x0000000003db7000 	/System/Library/Frameworks/CoreText.framework/Versions/A/CoreText
0x0000000003db7000 	/System/Library/Frameworks/ImageIO.framework/Versions/A/ImageIO
0x0000000003db7000 	/usr/lib/libextension.dylib
0x0000000003db7000 	/System/Library/PrivateFrameworks/Backup.framework/Versions/A/Backup
0x0000000003db7000 	/usr/lib/libarchive.2.dylib
0x0000000003db7000 	/System/Library/Frameworks/CFNetwork.framework/Versions/A/CFNetwork
0x0000000003db7000 	/System/Library/Frameworks/SystemConfiguration.framework/Versions/A/SystemConfiguration
0x0000000003db7000 	/usr/lib/libCRFSuite.dylib
0x0000000003db7000 	/usr/lib/libc++.1.dylib
0x0000000003db7000 	/usr/lib/libc++abi.dylib
0x0000000003db7000 	/usr/lib/system/libcache.dylib
0x0000000003db7000 	/usr/lib/system/libcommonCrypto.dylib
0x0000000003db7000 	/usr/lib/system/libcompiler_rt.dylib
0x0000000003db7000 	/usr/lib/system/libcopyfile.dylib
0x0000000003db7000 	/usr/lib/system/libcorecrypto.dylib
0x0000000003db7000 	/usr/lib/system/libdispatch.dylib
0x0000000003db7000 	/usr/lib/system/libdyld.dylib
0x0000000003db7000 	/usr/lib/system/libkeymgr.dylib
0x0000000003db7000 	/usr/lib/system/liblaunch.dylib
0x0000000003db7000 	/usr/lib/system/libmacho.dylib
0x0000000003db7000 	/usr/lib/system/libquarantine.dylib
0x0000000003db7000 	/usr/lib/system/libremovefile.dylib
0x0000000003db7000 	/usr/lib/system/libsystem_asl.dylib
0x0000000003db7000 	/usr/lib/system/libsystem_blocks.dylib
0x0000000003db7000 	/usr/lib/system/libsystem_c.dylib
0x0000000003db7000 	/usr/lib/system/libsystem_configuration.dylib
0x0000000003db7000 	/usr/lib/system/libsystem_coreservices.dylib
0x0000000003db7000 	/usr/lib/system/libsystem_coretls.dylib
0x0000000003db7000 	/usr/lib/system/libsystem_dnssd.dylib
0x0000000003db7000 	/usr/lib/system/libsystem_info.dylib
0x0000000003db7000 	/usr/lib/system/libsystem_kernel.dylib
0x0000000003db7000 	/usr/lib/system/libsystem_m.dylib
0x0000000003db7000 	/usr/lib/system/libsystem_malloc.dylib
0x0000000003db7000 	/usr/lib/system/libsystem_network.dylib
0x0000000003db7000 	/usr/lib/system/libsystem_networkextension.dylib
0x0000000003db7000 	/usr/lib/system/libsystem_notify.dylib
0x0000000003db7000 	/usr/lib/system/libsystem_platform.dylib
0x0000000003db7000 	/usr/lib/system/libsystem_pthread.dylib
0x0000000003db7000 	/usr/lib/system/libsystem_sandbox.dylib
0x0000000003db7000 	/usr/lib/system/libsystem_secinit.dylib
0x0000000003db7000 	/usr/lib/system/libsystem_stats.dylib
0x0000000003db7000 	/usr/lib/system/libsystem_trace.dylib
0x0000000003db7000 	/usr/lib/system/libunc.dylib
0x0000000003db7000 	/usr/lib/system/libunwind.dylib
0x0000000003db7000 	/usr/lib/system/libxpc.dylib
0x0000000003db7000 	/usr/lib/libbz2.1.0.dylib
0x0000000003db7000 	/usr/lib/liblzma.5.dylib
0x0000000003db7000 	/usr/lib/libbsm.0.dylib
0x0000000003db7000 	/usr/lib/libsqlite3.dylib
0x0000000003db7000 	/usr/lib/system/libkxld.dylib
0x0000000003db7000 	/usr/lib/libxar.1.dylib
0x0000000003db7000 	/usr/lib/libpam.2.dylib
0x0000000003db7000 	/usr/lib/libOpenScriptingUtil.dylib
0x0000000003db7000 	/System/Library/Frameworks/CoreServices.framework/Versions/A/Frameworks/FSEvents.framework/Versions/A/FSEvents
0x0000000003db7000 	/System/Library/Frameworks/CoreServices.framework/Versions/A/Frameworks/CarbonCore.framework/Versions/A/CarbonCore
0x0000000003db7000 	/System/Library/Frameworks/CoreServices.framework/Versions/A/Frameworks/Metadata.framework/Versions/A/Metadata
0x0000000003db7000 	/System/Library/Frameworks/CoreServices.framework/Versions/A/Frameworks/OSServices.framework/Versions/A/OSServices
0x0000000003db7000 	/System/Library/Frameworks/CoreServices.framework/Versions/A/Frameworks/SearchKit.framework/Versions/A/SearchKit
0x0000000003db7000 	/System/Library/Frameworks/CoreServices.framework/Versions/A/Frameworks/AE.framework/Versions/A/AE
0x0000000003db7000 	/System/Library/Frameworks/CoreServices.framework/Versions/A/Frameworks/LaunchServices.framework/Versions/A/LaunchServices
0x0000000003db7000 	/System/Library/Frameworks/CoreServices.framework/Versions/A/Frameworks/DictionaryServices.framework/Versions/A/DictionaryServices
0x0000000003db7000 	/System/Library/Frameworks/NetFS.framework/Versions/A/NetFS
0x0000000003db7000 	/System/Library/PrivateFrameworks/NetAuth.framework/Versions/A/NetAuth
0x0000000003db7000 	/System/Library/PrivateFrameworks/login.framework/Versions/A/Frameworks/loginsupport.framework/Versions/A/loginsupport
0x0000000003db7000 	/System/Library/PrivateFrameworks/TCC.framework/Versions/A/TCC
0x0000000003db7000 	/usr/lib/libmecabra.dylib
0x0000000003db7000 	/System/Library/Frameworks/ApplicationServices.framework/Versions/A/Frameworks/ATS.framework/Versions/A/ATS
0x0000000003db7000 	/System/Library/Frameworks/ApplicationServices.framework/Versions/A/Frameworks/ColorSync.framework/Versions/A/ColorSync
0x0000000003db7000 	/System/Library/Frameworks/ApplicationServices.framework/Versions/A/Frameworks/HIServices.framework/Versions/A/HIServices
0x0000000003db7000 	/System/Library/Frameworks/ApplicationServices.framework/Versions/A/Frameworks/LangAnalysis.framework/Versions/A/LangAnalysis
0x0000000003db7000 	/System/Library/Frameworks/ApplicationServices.framework/Versions/A/Frameworks/PrintCore.framework/Versions/A/PrintCore
0x0000000003db7000 	/System/Library/Frameworks/ApplicationServices.framework/Versions/A/Frameworks/QD.framework/Versions/A/QD
0x0000000003db7000 	/System/Library/Frameworks/ApplicationServices.framework/Versions/A/Frameworks/SpeechSynthesis.framework/Versions/A/SpeechSynthesis
0x0000000003db7000 	/System/Library/Frameworks/Accelerate.framework/Versions/A/Accelerate
0x0000000003db7000 	/System/Library/Frameworks/Accelerate.framework/Versions/A/Frameworks/vImage.framework/Versions/A/vImage
0x0000000003db7000 	/System/Library/Frameworks/Accelerate.framework/Versions/A/Frameworks/vecLib.framework/Versions/A/vecLib
0x0000000003db7000 	/System/Library/Frameworks/Accelerate.framework/Versions/A/Frameworks/vecLib.framework/Versions/A/libvDSP.dylib
0x0000000003db7000 	/System/Library/Frameworks/Accelerate.framework/Versions/A/Frameworks/vecLib.framework/Versions/A/libvMisc.dylib
0x0000000003db7000 	/System/Library/Frameworks/Accelerate.framework/Versions/A/Frameworks/vecLib.framework/Versions/A/libLAPACK.dylib
0x0000000003db7000 	/System/Library/Frameworks/Accelerate.framework/Versions/A/Frameworks/vecLib.framework/Versions/A/libBLAS.dylib
0x0000000003db7000 	/System/Library/Frameworks/Accelerate.framework/Versions/A/Frameworks/vecLib.framework/Versions/A/libLinearAlgebra.dylib
0x0000000003db7000 	/System/Library/Frameworks/ApplicationServices.framework/Versions/A/Frameworks/ATS.framework/Versions/A/Resources/libFontParser.dylib
0x0000000003db7000 	/System/Library/Frameworks/ApplicationServices.framework/Versions/A/Frameworks/ATS.framework/Versions/A/Resources/libFontRegistry.dylib
0x0000000003db7000 	/System/Library/PrivateFrameworks/AppleVPA.framework/Versions/A/AppleVPA
0x0000000003db7000 	/System/Library/PrivateFrameworks/AppleJPEG.framework/Versions/A/AppleJPEG
0x0000000003db7000 	/System/Library/Frameworks/ImageIO.framework/Versions/A/Resources/libJPEG.dylib
0x0000000003db7000 	/System/Library/Frameworks/ImageIO.framework/Versions/A/Resources/libTIFF.dylib
0x0000000003db7000 	/System/Library/Frameworks/ImageIO.framework/Versions/A/Resources/libPng.dylib
0x0000000003db7000 	/System/Library/Frameworks/ImageIO.framework/Versions/A/Resources/libGIF.dylib
0x0000000003db7000 	/System/Library/Frameworks/ImageIO.framework/Versions/A/Resources/libJP2.dylib
0x0000000003db7000 	/System/Library/Frameworks/ImageIO.framework/Versions/A/Resources/libRadiance.dylib
0x0000000003db7000 	/System/Library/Frameworks/CoreVideo.framework/Versions/A/CoreVideo
0x0000000003db7000 	/System/Library/Frameworks/OpenGL.framework/Versions/A/Libraries/libGLU.dylib
0x0000000003db7000 	/System/Library/Frameworks/OpenGL.framework/Versions/A/Libraries/libGFXShared.dylib
0x0000000003db7000 	/System/Library/Frameworks/OpenGL.framework/Versions/A/Libraries/libGL.dylib
0x0000000003db7000 	/System/Library/Frameworks/OpenGL.framework/Versions/A/Libraries/libGLImage.dylib
0x0000000003db7000 	/System/Library/Frameworks/OpenGL.framework/Versions/A/Libraries/libCVMSPluginSupport.dylib
0x0000000003db7000 	/System/Library/Frameworks/OpenGL.framework/Versions/A/Libraries/libCoreVMClient.dylib
0x0000000003db7000 	/usr/lib/libcups.2.dylib
0x0000000003db7000 	/System/Library/Frameworks/Kerberos.framework/Versions/A/Kerberos
0x0000000003db7000 	/System/Library/Frameworks/GSS.framework/Versions/A/GSS
0x0000000003db7000 	/usr/lib/libresolv.9.dylib
0x0000000003db7000 	/usr/lib/libiconv.2.dylib
0x0000000003db7000 	/System/Library/PrivateFrameworks/Heimdal.framework/Versions/A/Heimdal
0x0000000003db7000 	/usr/lib/libheimdal-asn1.dylib
0x0000000003db7000 	/System/Library/Frameworks/OpenDirectory.framework/Versions/A/OpenDirectory
0x0000000003db7000 	/System/Library/PrivateFrameworks/CommonAuth.framework/Versions/A/CommonAuth
0x0000000003db7000 	/System/Library/Frameworks/OpenDirectory.framework/Versions/A/Frameworks/CFOpenDirectory.framework/Versions/A/CFOpenDirectory
0x0000000003db7000 	/System/Library/Frameworks/SecurityFoundation.framework/Versions/A/SecurityFoundation
0x0000000003db7000 	/System/Library/PrivateFrameworks/LanguageModeling.framework/Versions/A/LanguageModeling
0x0000000003db7000 	/usr/lib/libcmph.dylib
0x0000000003db7000 	/System/Library/Frameworks/ServiceManagement.framework/Versions/A/ServiceManagement
0x0000000003db7000 	/usr/lib/libxslt.1.dylib
0x0000000003db7000 	/System/Library/Frameworks/Carbon.framework/Versions/A/Frameworks/Ink.framework/Versions/A/Ink
0x0000000003db7000 	/System/Library/Frameworks/QuartzCore.framework/Versions/A/Frameworks/CoreImage.framework/Versions/A/CoreImage
0x0000000003db7000 	/System/Library/PrivateFrameworks/CrashReporterSupport.framework/Versions/A/CrashReporterSupport
0x0000000003db7000 	/System/Library/Frameworks/OpenCL.framework/Versions/A/OpenCL
0x0000000003db7000 	/System/Library/PrivateFrameworks/FaceCore.framework/Versions/A/FaceCore
0x0000000003db7000 	/System/Library/PrivateFrameworks/Ubiquity.framework/Versions/A/Ubiquity
0x0000000003db7000 	/System/Library/PrivateFrameworks/IconServices.framework/Versions/A/IconServices
0x0000000003db7000 	/System/Library/PrivateFrameworks/ChunkingLibrary.framework/Versions/A/ChunkingLibrary
0x0000000003db7000 	/System/Library/PrivateFrameworks/Apple80211.framework/Versions/A/Apple80211
0x0000000003db7000 	/System/Library/Frameworks/CoreWLAN.framework/Versions/A/CoreWLAN
0x0000000003db7000 	/System/Library/Frameworks/IOBluetooth.framework/Versions/A/IOBluetooth
0x0000000003db7000 	/System/Library/PrivateFrameworks/CoreWiFi.framework/Versions/A/CoreWiFi
0x0000000003db7000 	/System/Library/Frameworks/CoreBluetooth.framework/Versions/A/CoreBluetooth
0x0000000003db7000 	/System/Library/PrivateFrameworks/DebugSymbols.framework/Versions/A/DebugSymbols
0x0000000003db7000 	/System/Library/PrivateFrameworks/CoreSymbolication.framework/Versions/A/CoreSymbolication
0x0000000003db7000 	/System/Library/PrivateFrameworks/Symbolication.framework/Versions/A/Symbolication
0x0000000003db7000 	/System/Library/PrivateFrameworks/SpeechRecognitionCore.framework/Versions/A/SpeechRecognitionCore
0x0000000100f78000 	/Library/Java/JavaVirtualMachines/jdk1.8.0_25.jdk/Contents/Home/jre/lib/server/libjvm.dylib
0x0000000003db7000 	/usr/lib/libstdc++.6.dylib
0x0000000101fae000 	/Library/Java/JavaVirtualMachines/jdk1.8.0_25.jdk/Contents/Home/jre/lib/libverify.dylib
0x0000000101fbc000 	/Library/Java/JavaVirtualMachines/jdk1.8.0_25.jdk/Contents/Home/jre/lib/libjava.dylib
0x0000000102800000 	/Library/Java/JavaVirtualMachines/jdk1.8.0_25.jdk/Contents/Home/jre/lib/libzip.dylib
0x000000011887d000 	/System/Library/Frameworks/JavaVM.framework/Frameworks/JavaRuntimeSupport.framework/JavaRuntimeSupport
0x0000000118893000 	/System/Library/Frameworks/JavaVM.framework/Versions/A/Frameworks/JavaNativeFoundation.framework/Versions/A/JavaNativeFoundation
0x00000001188a7000 	/System/Library/Frameworks/JavaVM.framework/Versions/A/JavaVM
0x0000000003db7000 	/System/Library/Frameworks/Carbon.framework/Versions/A/Carbon
0x00000001188b3000 	/System/Library/PrivateFrameworks/JavaLaunching.framework/Versions/A/JavaLaunching
0x0000000003db7000 	/System/Library/Frameworks/Carbon.framework/Versions/A/Frameworks/CommonPanels.framework/Versions/A/CommonPanels
0x0000000003db7000 	/System/Library/Frameworks/Carbon.framework/Versions/A/Frameworks/Help.framework/Versions/A/Help
0x0000000003db7000 	/System/Library/Frameworks/Carbon.framework/Versions/A/Frameworks/ImageCapture.framework/Versions/A/ImageCapture
0x0000000003db7000 	/System/Library/Frameworks/Carbon.framework/Versions/A/Frameworks/OpenScripting.framework/Versions/A/OpenScripting
0x0000000003db7000 	/System/Library/Frameworks/Carbon.framework/Versions/A/Frameworks/Print.framework/Versions/A/Print
0x0000000003db7000 	/System/Library/Frameworks/Carbon.framework/Versions/A/Frameworks/SecurityHI.framework/Versions/A/SecurityHI
0x000000011a7e4000 	/Library/Java/JavaVirtualMachines/jdk1.8.0_25.jdk/Contents/Home/jre/lib/libawt.dylib
0x000000011a893000 	/Library/Java/JavaVirtualMachines/jdk1.8.0_25.jdk/Contents/Home/jre/lib/./libmlib_image.dylib
0x000000011a95f000 	/Library/Java/JavaVirtualMachines/jdk1.8.0_25.jdk/Contents/Home/jre/lib/libawt_lwawt.dylib
0x000000011aa12000 	/Library/Java/JavaVirtualMachines/jdk1.8.0_25.jdk/Contents/Home/jre/lib/./libosxapp.dylib
0x0000000003db7000 	/System/Library/Frameworks/ExceptionHandling.framework/Versions/A/ExceptionHandling
0x0000000003db7000 	/System/Library/PrivateFrameworks/CoreServicesInternal.framework/Versions/A/CoreServicesInternal
0x0000000003db7000 	/System/Library/PrivateFrameworks/CloudDocs.framework/Versions/A/CloudDocs
0x0000000003db7000 	/System/Library/PrivateFrameworks/CoreDuet.framework/Versions/A/CoreDuet
0x0000000003db7000 	/System/Library/Frameworks/CloudKit.framework/Versions/A/CloudKit
0x0000000003db7000 	/System/Library/PrivateFrameworks/ProtocolBuffer.framework/Versions/A/ProtocolBuffer
0x0000000003db7000 	/System/Library/PrivateFrameworks/CoreDuetDaemonProtocol.framework/Versions/A/CoreDuetDaemonProtocol
0x0000000003db7000 	/System/Library/PrivateFrameworks/CoreDuetDebugLogging.framework/Versions/A/CoreDuetDebugLogging
0x0000000003db7000 	/System/Library/PrivateFrameworks/MMCS.framework/Versions/A/MMCS
0x0000000003db7000 	/System/Library/Frameworks/CoreLocation.framework/Versions/A/CoreLocation
0x0000000003db7000 	/System/Library/PrivateFrameworks/ProtectedCloudStorage.framework/Versions/A/ProtectedCloudStorage
0x0000000003db7000 	/System/Library/PrivateFrameworks/GeoServices.framework/Versions/A/GeoServices
0x0000000003db7000 	/System/Library/Frameworks/CoreGraphics.framework/Versions/A/Resources/libCGCMS.A.dylib
0x0000000003db7000 	/System/Library/Frameworks/CoreGraphics.framework/Versions/A/Resources/libRIP.A.dylib
0x0000000003db7000 	/System/Library/Frameworks/CoreGraphics.framework/Versions/A/Resources/libCGXType.A.dylib
0x0000000003db7000 	/System/Library/Frameworks/OpenCL.framework/Versions/A/Libraries/libcldcpuengine.dylib
0x0000000003db7000 	/System/Library/PrivateFrameworks/DiskImages.framework/Versions/A/DiskImages
0x0000000003db7000 	/System/Library/Frameworks/DiscRecording.framework/Versions/A/DiscRecording
0x0000000003db7000 	/usr/lib/libcsfde.dylib
0x0000000003db7000 	/usr/lib/libcurl.4.dylib
0x0000000003db7000 	/System/Library/PrivateFrameworks/MediaKit.framework/Versions/A/MediaKit
0x0000000003db7000 	/usr/lib/libCoreStorage.dylib
0x0000000003db7000 	/System/Library/PrivateFrameworks/EFILogin.framework/Versions/A/EFILogin
0x0000000003db7000 	/usr/lib/libutil.dylib
0x0000000003db7000 	/System/Library/PrivateFrameworks/FindMyDevice.framework/Versions/A/FindMyDevice
0x0000000003db7000 	/System/Library/Frameworks/LDAP.framework/Versions/A/LDAP
0x0000000003db7000 	/usr/lib/libsasl2.2.dylib
0x0000000003db7000 	/System/Library/PrivateFrameworks/CoreDaemon.framework/Versions/B/CoreDaemon
0x0000000003db7000 	/usr/lib/libcrypto.0.9.8.dylib
0x0000000003db7000 	/System/Library/PrivateFrameworks/AppleSRP.framework/Versions/A/AppleSRP
0x0000000003db7000 	/System/Library/PrivateFrameworks/TrustEvaluationAgent.framework/Versions/A/TrustEvaluationAgent
0x000000011dc82000 	cl_kernels
0x000000011dc84000 	/System/Library/Frameworks/OpenCL.framework/Versions/A/Libraries/ImageFormats/unorm8_bgra.dylib
0x000000011dc74000 	cl_kernels
0x0000000003db7000 	/System/Library/PrivateFrameworks/FamilyControls.framework/Versions/A/FamilyControls
0x0000000003db7000 	/System/Library/PrivateFrameworks/CommerceKit.framework/Versions/A/Frameworks/CommerceCore.framework/Versions/A/CommerceCore
0x0000000003db7000 	/System/Library/PrivateFrameworks/SystemAdministration.framework/Versions/A/SystemAdministration
0x0000000003db7000 	/System/Library/PrivateFrameworks/AppContainer.framework/Versions/A/AppContainer
0x0000000003db7000 	/System/Library/PrivateFrameworks/SecCodeWrapper.framework/Versions/A/SecCodeWrapper
0x0000000003db7000 	/System/Library/Frameworks/DirectoryService.framework/Versions/A/DirectoryService
0x0000000003db7000 	/System/Library/PrivateFrameworks/LoginUIKit.framework/Versions/A/Frameworks/LoginUICore.framework/Versions/A/LoginUICore
0x0000000003db7000 	/usr/lib/libodfde.dylib
0x000000011ef08000 	/Library/Java/JavaVirtualMachines/jdk1.8.0_25.jdk/Contents/Home/jre/lib/libfontmanager.dylib
0x000000011ef6f000 	/Users/Zain/LWJGL/lwjgl-2.9.3/native/macosx/liblwjgl.dylib
0x000000011d0f2000 	/Library/Java/JavaVirtualMachines/jdk1.8.0_25.jdk/Contents/Home/jre/lib/libjawt.dylib
0x0000000003db7000 	/System/Library/Frameworks/OpenGL.framework/Versions/A/Resources/GLEngine.bundle/GLEngine
0x0000000003db7000 	/System/Library/Frameworks/OpenGL.framework/Versions/A/Libraries/libGLProgrammability.dylib
0x0000000000000000 	/System/Library/Extensions/AppleIntelHD5000GraphicsGLDriver.bundle/Contents/MacOS/AppleIntelHD5000GraphicsGLDriver
0x0000000003db7000 	/System/Library/PrivateFrameworks/IOAccelerator.framework/Versions/A/IOAccelerator
0x0000000003db7000 	/System/Library/PrivateFrameworks/GPUSupport.framework/Versions/A/Libraries/libGPUSupportMercury.dylib
0x0000000003db7000 	/System/Library/Frameworks/OpenGL.framework/Versions/A/Resources/GLRendererFloat.bundle/GLRendererFloat
0x000000011ffaf000 	/Users/Zain/LWJGL/lwjgl-2.9.3/native/macosx/libjinput-osx.dylib
0x000000011ffb4000 	/System/Library/Extensions/IOHIDFamily.kext/Contents/PlugIns/IOHIDLib.plugin/Contents/MacOS/IOHIDLib

VM Arguments:
jvm_args: -Dfile.encoding=UTF-8 -Djava.library.path=/Users/Zain/LWJGL/lwjgl-2.9.3/native/macosx 
java_command: snakeGame.SnakeRunner
java_class_path (initial): /Users/Zain/LWJGL/lwjgl-2.9.3/jar/jinput.jar:/Users/Zain/LWJGL/lwjgl-2.9.3/jar/lwjgl-debug.jar:/Users/Zain/LWJGL/lwjgl-2.9.3/jar/lwjgl.jar:/Users/Zain/LWJGL/lwjgl-2.9.3/jar/lwjgl_test.jar:/Users/Zain/LWJGL/lwjgl-2.9.3/jar/lwjgl_util.jar:/Users/Zain/SLICK-UTIL/lib/slick-util.jar:/Users/Zain/SLICK2D/slick/lib/slick.jar:/Users/Zain/NetBeansProjects/Snake_Copy/build/classes
Launcher Type: SUN_STANDARD

Environment Variables:
PATH=/usr/bin:/bin:/usr/sbin:/sbin
LD_LIBRARY_PATH=/Library/Java/JavaVirtualMachines/jdk1.8.0_25.jdk/Contents/Home/jre/lib/amd64:/Library/Java/JavaVirtualMachines/jdk1.8.0_25.jdk/Contents/Home/jre/lib/i386:
SHELL=/bin/bash
DYLD_LIBRARY_PATH=/Applications/NetBeans/NetBeans 8.0.2.app/Contents/Resources/NetBeans/webcommon/bin:

Signal Handlers:
SIGSEGV: [libjvm.dylib+0x579dc7], sa_mask[0]=11111111011111110111111111111111, sa_flags=SA_ONSTACK|SA_RESTART|SA_SIGINFO
SIGBUS: [libjvm.dylib+0x579dc7], sa_mask[0]=11111111011111110111111111111111, sa_flags=SA_RESTART|SA_SIGINFO
SIGFPE: [libjvm.dylib+0x45b030], sa_mask[0]=11111111011111110111111111111111, sa_flags=SA_RESTART|SA_SIGINFO
SIGPIPE: [libjvm.dylib+0x45b030], sa_mask[0]=11111111011111110111111111111111, sa_flags=SA_RESTART|SA_SIGINFO
SIGXFSZ: [libjvm.dylib+0x45b030], sa_mask[0]=11111111011111110111111111111111, sa_flags=SA_RESTART|SA_SIGINFO
SIGILL: [libjvm.dylib+0x45b030], sa_mask[0]=11111111011111110111111111111111, sa_flags=SA_RESTART|SA_SIGINFO
SIGUSR1: SIG_DFL, sa_mask[0]=00000000000000000000000000000000, sa_flags=none
SIGUSR2: [libjvm.dylib+0x45ab4e], sa_mask[0]=00100000000000000000000000000000, sa_flags=SA_RESTART|SA_SIGINFO
SIGHUP: [libjvm.dylib+0x459121], sa_mask[0]=11111111011111110111111111111111, sa_flags=SA_RESTART|SA_SIGINFO
SIGINT: SIG_IGN, sa_mask[0]=00000000000000000000000000000000, sa_flags=none
SIGTERM: [libjvm.dylib+0x459121], sa_mask[0]=11111111011111110111111111111111, sa_flags=SA_RESTART|SA_SIGINFO
SIGQUIT: [libjvm.dylib+0x459121], sa_mask[0]=11111111011111110111111111111111, sa_flags=SA_RESTART|SA_SIGINFO


---------------  S Y S T E M  ---------------

OS:Bsduname:Darwin 14.4.0 Darwin Kernel Version 14.4.0: Thu May 28 11:35:04 PDT 2015; root:xnu-2782.30.5~1/RELEASE_X86_64 x86_64
rlimit: STACK 8192k, CORE 0k, NPROC 709, NOFILE 10240, AS infinity
load average:1.80 1.88 2.01

CPU:total 4 (2 cores per cpu, 2 threads per core) family 6 model 69 stepping 1, cmov, cx8, fxsr, mmx, sse, sse2, sse3, ssse3, sse4.1, sse4.2, popcnt, avx, avx2, aes, clmul, erms, lzcnt, ht, tsc, tscinvbit, bmi1, bmi2

Memory: 4k page, physical 8388608k(123140k free)

/proc/meminfo:


vm_info: Java HotSpot(TM) 64-Bit Server VM (25.25-b02) for bsd-amd64 JRE (1.8.0_25-b17), built on Sep 17 2014 16:56:50 by "java_re" with gcc 4.2.1 (Based on Apple Inc. build 5658) (LLVM build 2336.11.00)

time: Sun Aug  2 10:43:15 2015
elapsed time: 13 seconds (0d 0h 0m 13s)

