#
# A fatal error has been detected by the Java Runtime Environment:
#
#  SIGSEGV (0xb) at pc=0x00007fff8a1100dd, pid=4149, tid=1811
#
# JRE version: Java(TM) SE Runtime Environment (8.0_25-b17) (build 1.8.0_25-b17)
# Java VM: Java HotSpot(TM) 64-Bit Server VM (25.25-b02 mixed mode bsd-amd64 compressed oops)
# Problematic frame:
# C  [libobjc.A.dylib+0x10dd]  objc_msgSend+0x1d
#
# Failed to write core dump. Core dumps have been disabled. To enable core dumping, try "ulimit -c unlimited" before starting Java again
#
# If you would like to submit a bug report, please visit:
#   http://bugreport.sun.com/bugreport/crash.jsp
# The crash happened outside the Java Virtual Machine in native code.
# See problematic frame for where to report the bug.
#

---------------  T H R E A D  ---------------

Current thread (0x00007fe6328b9800):  JavaThread "AppKit Thread" daemon [_thread_in_native, id=1811, stack(0x00007fff5a8c8000,0x00007fff5b0c8000)]

siginfo: si_signo: 11 (SIGSEGV), si_code: 1 (SEGV_MAPERR), si_addr: 0x000007fe631f17b8

Registers:
RAX=0x00007fe631f41fd0, RBX=0x00007fff5b0c3868, RCX=0x0000000000000000, RDX=0x00007fe631dbf460
RSP=0x00007fff5b0c3688, RBP=0x00007fff5b0c3690, RSI=0x00007fff837e541e, RDI=0x00007fe631f41fd0
R8 =0x00007fff5b0c3670, R9 =0x0000000000000062, R10=0x00007fff837e541e, R11=0x000007fe631f17a0
R12=0x00007fe631e06eb0, R13=0x00000000000f42fc, R14=0x00007fe631f61510, R15=0x00007fff5b0c37c8
RIP=0x00007fff8a1100dd, EFLAGS=0x0000000000010206, ERR=0x0000000000000004
  TRAPNO=0x000000000000000e

Top of Stack: (sp=0x00007fff5b0c3688)
0x00007fff5b0c3688:   00007fff854a145c 00007fff5b0c39f0
0x00007fff5b0c3698:   00007fff85391634 00007fff5b0c371c
0x00007fff5b0c36a8:   00007fff5b0c3720 00007fff5b0c3724
0x00007fff5b0c36b8:   00007fff748c7e00 ffffffffffffffff
0x00007fff5b0c36c8:   0000000000000930 00007fff748c7e18
0x00007fff5b0c36d8:   00007fe631f61510 0000000000000000
0x00007fff5b0c36e8:   00007fff5b0c37c0 0000000000000000
0x00007fff5b0c36f8:   00007fe631e45670 00007fff5b0c3840
0x00007fff5b0c3708:   0000000000000062 00000000000f42fe
0x00007fff5b0c3718:   00007fe631dbf460 00007fe631e450a0
0x00007fff5b0c3728:   00007fe631e06eb0 0000000000000001
0x00007fff5b0c3738:   00000000000f42fc 00007fe631e06ea0
0x00007fff5b0c3748:   00007fff8d408c05 0000000131c5ac60
0x00007fff5b0c3758:   00007fff750de0d0 0000000042000000
0x00007fff5b0c3768:   00007fff8d40fe63 00007fff74892240
0x00007fff5b0c3778:   00007fff5b0c3848 00007fff5b0c37a0
0x00007fff5b0c3788:   00007fff5b0c37c0 0000000000000000
0x00007fff5b0c3798:   0000000000000019 0002150300000001
0x00007fff5b0c37a8:   00007fe631e06ed4 0000000000000000
0x00007fff5b0c37b8:   0000000000000000 00007fe631e456f0
0x00007fff5b0c37c8:   00007fe631f61510 0000002000000000
0x00007fff5b0c37d8:   0000000000000000 00007fff750de0d0
0x00007fff5b0c37e8:   0000000042000000 00007fff8d40f4f8
0x00007fff5b0c37f8:   00007fff74892350 00007fff5b0c3758
0x00007fff5b0c3808:   0000000000000000 00007fff5b0c38d8
0x00007fff5b0c3818:   00007fff72ce5ea0 00007fff5b0c3910
0x00007fff5b0c3828:   00007fff8aa8e770 00007fff5b0c38c0
0x00007fff5b0c3838:   00007fff82f194ed 0000000000000051
0x00007fff5b0c3848:   0000000000000000 00000000000f42e2
0x00007fff5b0c3858:   0000000000000053 0000000000000000
0x00007fff5b0c3868:   00000000000f42fc 00007fff5b0c38e4
0x00007fff5b0c3878:   000000000041d101 00000000ffffffff 

Instructions: (pc=0x00007fff8a1100dd)
0x00007fff8a1100bd:   00 00 00 48 85 ff 2e 74 7a 40 f6 c7 01 2e 75 7e
0x00007fff8a1100cd:   49 bb f8 ff ff ff ff 7f 00 00 4c 23 1f 49 89 f2
0x00007fff8a1100dd:   45 23 53 18 49 c1 e2 04 4d 03 53 10 49 3b 32 75
0x00007fff8a1100ed:   04 41 ff 62 08 49 83 3a 00 74 6a 4d 3b 53 10 74 

Register to memory mapping:

RAX=0x00007fe631f41fd0 is an unknown value
RBX=0x00007fff5b0c3868 is pointing into the stack for thread: 0x00007fe6328b9800
RCX=0x0000000000000000 is an unknown value
RDX=0x00007fe631dbf460 is an unknown value
RSP=0x00007fff5b0c3688 is pointing into the stack for thread: 0x00007fe6328b9800
RBP=0x00007fff5b0c3690 is pointing into the stack for thread: 0x00007fe6328b9800
RSI=0x00007fff837e541e: -[NSTitlebarContainerView transparent]+0x5e312 in /System/Library/Frameworks/AppKit.framework/Versions/C/AppKit at 0x00007fff82de4000
RDI=0x00007fe631f41fd0 is an unknown value
R8 =0x00007fff5b0c3670 is pointing into the stack for thread: 0x00007fe6328b9800
R9 =0x0000000000000062 is an unknown value
R10=0x00007fff837e541e: -[NSTitlebarContainerView transparent]+0x5e312 in /System/Library/Frameworks/AppKit.framework/Versions/C/AppKit at 0x00007fff82de4000
R11=0x000007fe631f17a0 is an unknown value
R12=0x00007fe631e06eb0 is an unknown value
R13=0x00000000000f42fc is an unknown value
R14=0x00007fe631f61510 is an unknown value
R15=0x00007fff5b0c37c8 is pointing into the stack for thread: 0x00007fe6328b9800


Stack: [0x00007fff5a8c8000,0x00007fff5b0c8000],  sp=0x00007fff5b0c3688,  free space=8173k
Native frames: (J=compiled Java code, j=interpreted, Vv=VM code, C=native code)
C  [libobjc.A.dylib+0x10dd]  objc_msgSend+0x1d
C  [CoreFoundation+0x10634]  _CFXNotificationPost+0xc44
C  [Foundation+0x79d1]  -[NSNotificationCenter postNotificationName:object:userInfo:]+0x42
C  [AppKit+0x439c2]  -[NSSurface _disposeSurface]+0x98
C  [AppKit+0x43426]  -[NSSurface setWindow:]+0x42
C  [AppKit+0x33910]  -[NSView _setWindow:]+0xa33
C  [AppKit+0x6af91]  -[NSView removeFromSuperview]+0x1c5
C  [AppKit+0x14bd99]  -[NSView removeFromSuperviewWithoutNeedingDisplay]+0x26
C  [liblwjgl.dylib+0xa205]  +[MacOSXKeyableWindow destroyWindow]+0xb5
C  [Foundation+0x92d00]  __NSThreadPerformPerform+0x125
C  [CoreFoundation+0x80a01]  __CFRUNLOOP_IS_CALLING_OUT_TO_A_SOURCE0_PERFORM_FUNCTION__+0x11
C  [CoreFoundation+0x72b8d]  __CFRunLoopDoSources0+0x10d
C  [CoreFoundation+0x721bf]  __CFRunLoopRun+0x39f
C  [CoreFoundation+0x71bd8]  CFRunLoopRunSpecific+0x128
C  [HIToolbox+0x3256f]  RunCurrentEventLoopInMode+0xeb
C  [HIToolbox+0x322ea]  ReceiveNextEventCommon+0x1af
C  [HIToolbox+0x3212b]  _BlockUntilNextEventMatchingListInModeWithFilter+0x47
C  [AppKit+0x918ab]  _DPSNextEvent+0x3d2
C  [AppKit+0x90e58]  -[NSApplication nextEventMatchingMask:untilDate:inMode:dequeue:]+0x15a
C  [libosxapp.dylib+0x242a]  -[NSApplicationAWT nextEventMatchingMask:untilDate:inMode:dequeue:]+0x7c
C  [AppKit+0x86af3]  -[NSApplication run]+0x252
C  [libosxapp.dylib+0x223e]  +[NSApplicationAWT runAWTLoopWithApp:]+0x9c
C  [libawt_lwawt.dylib+0x4494f]  -[AWTStarter starter:]+0x389
C  [Foundation+0x92d00]  __NSThreadPerformPerform+0x125
C  [CoreFoundation+0x80a01]  __CFRUNLOOP_IS_CALLING_OUT_TO_A_SOURCE0_PERFORM_FUNCTION__+0x11
C  [CoreFoundation+0x72b8d]  __CFRunLoopDoSources0+0x10d
C  [CoreFoundation+0x721bf]  __CFRunLoopRun+0x39f
C  [CoreFoundation+0x71bd8]  CFRunLoopRunSpecific+0x128
C  [java+0x56cc]  CreateExecutionEnvironment+0x367
C  [java+0x165c]  JLI_Launch+0x7a0
C  [java+0x768a]  main+0x65
C  [java+0xeb4]  start+0x34
C  0x0000000000000006


---------------  P R O C E S S  ---------------

Java Threads: ( => current thread )
  0x00007fe6321b8800 JavaThread "AWT-Shutdown" [_thread_blocked, id=14635, stack(0x000000011c57f000,0x000000011c67f000)]
  0x00007fe63295b000 JavaThread "Java2D Queue Flusher" daemon [_thread_blocked, id=56839, stack(0x00000001237e7000,0x00000001238e7000)]
  0x00007fe632212800 JavaThread "Java2D Disposer" daemon [_thread_blocked, id=50719, stack(0x0000000123510000,0x0000000123610000)]
=>0x00007fe6328b9800 JavaThread "AppKit Thread" daemon [_thread_in_native, id=1811, stack(0x00007fff5a8c8000,0x00007fff5b0c8000)]
  0x00007fe63284f800 JavaThread "Service Thread" daemon [_thread_blocked, id=18435, stack(0x000000011e263000,0x000000011e363000)]
  0x00007fe63381b800 JavaThread "C1 CompilerThread2" daemon [_thread_blocked, id=17923, stack(0x000000011e160000,0x000000011e260000)]
  0x00007fe633006000 JavaThread "C2 CompilerThread1" daemon [_thread_blocked, id=17411, stack(0x000000011e05d000,0x000000011e15d000)]
  0x00007fe632035000 JavaThread "C2 CompilerThread0" daemon [_thread_blocked, id=16899, stack(0x000000011df5a000,0x000000011e05a000)]
  0x00007fe632034800 JavaThread "Signal Dispatcher" daemon [_thread_blocked, id=13847, stack(0x000000011de57000,0x000000011df57000)]
  0x00007fe633004000 JavaThread "Finalizer" daemon [_thread_blocked, id=11523, stack(0x000000011c447000,0x000000011c547000)]
  0x00007fe63380c800 JavaThread "Reference Handler" daemon [_thread_blocked, id=11011, stack(0x000000011c344000,0x000000011c444000)]
  0x00007fe63200c000 JavaThread "main" [_thread_in_native, id=3331, stack(0x0000000105b53000,0x0000000105c53000)]

Other Threads:
  0x00007fe633003800 VMThread [stack: 0x000000011c241000,0x000000011c341000] [id=10499]
  0x00007fe632816800 WatcherThread [stack: 0x000000011e366000,0x000000011e466000] [id=18947]

VM state:not at safepoint (normal execution)

VM Mutex/Monitor currently owned by a thread: None

Heap:
 PSYoungGen      total 38400K, used 22695K [0x0000000795580000, 0x0000000798000000, 0x00000007c0000000)
  eden space 33280K, 60% used [0x0000000795580000,0x000000079694fda0,0x0000000797600000)
  from space 5120K, 47% used [0x0000000797b00000,0x0000000797d5a148,0x0000000798000000)
  to   space 5120K, 0% used [0x0000000797600000,0x0000000797600000,0x0000000797b00000)
 ParOldGen       total 87552K, used 24K [0x0000000740000000, 0x0000000745580000, 0x0000000795580000)
  object space 87552K, 0% used [0x0000000740000000,0x0000000740006000,0x0000000745580000)
 Metaspace       used 9464K, capacity 9619K, committed 9856K, reserved 1058816K
  class space    used 1001K, capacity 1052K, committed 1152K, reserved 1048576K

Card table byte_map: [0x00000001159c0000,0x0000000115dc1000] byte_map_base: 0x0000000111fc0000

Marking Bits: (ParMarkBitMap*) 0x00000001054d3390
 Begin Bits: [0x0000000116375000, 0x0000000118375000)
 End Bits:   [0x0000000118375000, 0x000000011a375000)

Polling page: 0x0000000105c97000

CodeCache: size=245760Kb used=3585Kb max_used=3597Kb free=242174Kb
 bounds [0x0000000106600000, 0x0000000106990000, 0x0000000115600000]
 total_blobs=1437 nmethods=931 adapters=421
 compilation: enabled

Compilation events (10 events):
Event: 55.272 Thread 0x00007fe63381b800  927       3       java.nio.Buffer::nextPutIndex (38 bytes)
Event: 55.273 Thread 0x00007fe63381b800 nmethod 927 0x0000000106980850 code [0x00000001069809c0, 0x0000000106980be8]
Event: 55.283 Thread 0x00007fe63381b800  928       1       java.nio.HeapByteBuffer::_get (7 bytes)
Event: 55.283 Thread 0x00007fe63381b800 nmethod 928 0x0000000106980510 code [0x0000000106980660, 0x0000000106980790]
Event: 55.307 Thread 0x00007fe63381b800  929   !   3       sun.awt.AWTAutoShutdown::setToolkitBusy (124 bytes)
Event: 55.308 Thread 0x00007fe63381b800 nmethod 929 0x000000010697f6d0 code [0x000000010697f8a0, 0x0000000106980128]
Event: 55.316 Thread 0x00007fe63381b800  930       3       java.nio.Buffer::nextGetIndex (38 bytes)
Event: 55.316 Thread 0x00007fe63381b800 nmethod 930 0x000000010697c890 code [0x000000010697ca00, 0x000000010697cc28]
Event: 55.945 Thread 0x00007fe633006000  931       4       java.nio.DirectByteBuffer::put (18 bytes)
Event: 55.946 Thread 0x00007fe633006000 nmethod 931 0x000000010697b110 code [0x000000010697b260, 0x000000010697b2f8]

GC Heap History (4 events):
Event: 3.762 GC heap before
{Heap before GC invocations=1 (full 0):
 PSYoungGen      total 38400K, used 31844K [0x0000000795580000, 0x0000000798000000, 0x00000007c0000000)
  eden space 33280K, 95% used [0x0000000795580000,0x0000000797499338,0x0000000797600000)
  from space 5120K, 0% used [0x0000000797b00000,0x0000000797b00000,0x0000000798000000)
  to   space 5120K, 0% used [0x0000000797600000,0x0000000797600000,0x0000000797b00000)
 ParOldGen       total 87552K, used 0K [0x0000000740000000, 0x0000000745580000, 0x0000000795580000)
  object space 87552K, 0% used [0x0000000740000000,0x0000000740000000,0x0000000745580000)
 Metaspace       used 9271K, capacity 9427K, committed 9600K, reserved 1058816K
  class space    used 995K, capacity 1052K, committed 1152K, reserved 1048576K
Event: 3.785 GC heap after
Heap after GC invocations=1 (full 0):
 PSYoungGen      total 38400K, used 4223K [0x0000000795580000, 0x0000000798000000, 0x00000007c0000000)
  eden space 33280K, 0% used [0x0000000795580000,0x0000000795580000,0x0000000797600000)
  from space 5120K, 82% used [0x0000000797600000,0x0000000797a1fe70,0x0000000797b00000)
  to   space 5120K, 0% used [0x0000000797b00000,0x0000000797b00000,0x0000000798000000)
 ParOldGen       total 87552K, used 16K [0x0000000740000000, 0x0000000745580000, 0x0000000795580000)
  object space 87552K, 0% used [0x0000000740000000,0x0000000740004000,0x0000000745580000)
 Metaspace       used 9271K, capacity 9427K, committed 9600K, reserved 1058816K
  class space    used 995K, capacity 1052K, committed 1152K, reserved 1048576K
}
Event: 18.434 GC heap before
{Heap before GC invocations=2 (full 0):
 PSYoungGen      total 38400K, used 37503K [0x0000000795580000, 0x0000000798000000, 0x00000007c0000000)
  eden space 33280K, 100% used [0x0000000795580000,0x0000000797600000,0x0000000797600000)
  from space 5120K, 82% used [0x0000000797600000,0x0000000797a1fe70,0x0000000797b00000)
  to   space 5120K, 0% used [0x0000000797b00000,0x0000000797b00000,0x0000000798000000)
 ParOldGen       total 87552K, used 16K [0x0000000740000000, 0x0000000745580000, 0x0000000795580000)
  object space 87552K, 0% used [0x0000000740000000,0x0000000740004000,0x0000000745580000)
 Metaspace       used 9437K, capacity 9555K, committed 9856K, reserved 1058816K
  class space    used 1001K, capacity 1052K, committed 1152K, reserved 1048576K
Event: 18.444 GC heap after
Heap after GC invocations=2 (full 0):
 PSYoungGen      total 38400K, used 2408K [0x0000000795580000, 0x0000000798000000, 0x00000007c0000000)
  eden space 33280K, 0% used [0x0000000795580000,0x0000000795580000,0x0000000797600000)
  from space 5120K, 47% used [0x0000000797b00000,0x0000000797d5a148,0x0000000798000000)
  to   space 5120K, 0% used [0x0000000797600000,0x0000000797600000,0x0000000797b00000)
 ParOldGen       total 87552K, used 24K [0x0000000740000000, 0x0000000745580000, 0x0000000795580000)
  object space 87552K, 0% used [0x0000000740000000,0x0000000740006000,0x0000000745580000)
 Metaspace       used 9437K, capacity 9555K, committed 9856K, reserved 1058816K
  class space    used 1001K, capacity 1052K, committed 1152K, reserved 1048576K
}

Deoptimization events (10 events):
Event: 2.245 Thread 0x00007fe63200c000 Uncommon trap: reason=class_check action=maybe_recompile pc=0x0000000106805bd4 method=java.util.HashMap.putVal(ILjava/lang/Object;Ljava/lang/Object;ZZ)Ljava/lang/Object; @ 253
Event: 2.246 Thread 0x00007fe63200c000 Uncommon trap: reason=class_check action=maybe_recompile pc=0x0000000106805bd4 method=java.util.HashMap.putVal(ILjava/lang/Object;Ljava/lang/Object;ZZ)Ljava/lang/Object; @ 253
Event: 2.246 Thread 0x00007fe63200c000 Uncommon trap: reason=class_check action=maybe_recompile pc=0x00000001067e3ef4 method=java.util.HashMap.putVal(ILjava/lang/Object;Ljava/lang/Object;ZZ)Ljava/lang/Object; @ 253
Event: 2.600 Thread 0x00007fe6328b9800 Uncommon trap: reason=null_check action=make_not_entrant pc=0x00000001067c7be0 method=java.lang.String.equals(Ljava/lang/Object;)Z @ 8
Event: 2.907 Thread 0x00007fe63200c000 Uncommon trap: reason=unreached action=reinterpret pc=0x000000010685ff08 method=sun.awt.image.ByteInterleavedRaster.getDataElements(IILjava/lang/Object;)Ljava/lang/Object; @ 43
Event: 3.682 Thread 0x00007fe63200c000 Uncommon trap: reason=class_check action=maybe_recompile pc=0x0000000106850400 method=java.util.HashMap.putVal(ILjava/lang/Object;Ljava/lang/Object;ZZ)Ljava/lang/Object; @ 91
Event: 3.682 Thread 0x00007fe63200c000 Uncommon trap: reason=class_check action=maybe_recompile pc=0x0000000106850400 method=java.util.HashMap.putVal(ILjava/lang/Object;Ljava/lang/Object;ZZ)Ljava/lang/Object; @ 91
Event: 3.682 Thread 0x00007fe63200c000 Uncommon trap: reason=class_check action=maybe_recompile pc=0x000000010685c390 method=java.util.HashMap.putVal(ILjava/lang/Object;Ljava/lang/Object;ZZ)Ljava/lang/Object; @ 91
Event: 3.787 Thread 0x00007fe63200c000 Uncommon trap: reason=unreached action=reinterpret pc=0x0000000106898150 method=java.awt.image.ComponentColorModel.getDataElements(ILjava/lang/Object;)Ljava/lang/Object; @ 2993
Event: 15.116 Thread 0x00007fe63200c000 Uncommon trap: reason=unreached action=reinterpret pc=0x0000000106955384 method=java.util.HashMap$HashIterator.<init>(Ljava/util/HashMap;)V @ 38

Internal exceptions (10 events):
Event: 3.000 Thread 0x00007fe63200c000 Exception <a 'java/security/PrivilegedActionException'> (0x0000000797233700) thrown at [/HUDSON3/workspace/8-2-build-macosx-x86_64/jdk8u25/1514/hotspot/src/share/vm/prims/jvm.cpp, line 1312]
Event: 3.015 Thread 0x00007fe63200c000 Exception <a 'java/security/PrivilegedActionException'> (0x0000000797239fa0) thrown at [/HUDSON3/workspace/8-2-build-macosx-x86_64/jdk8u25/1514/hotspot/src/share/vm/prims/jvm.cpp, line 1312]
Event: 3.018 Thread 0x00007fe63200c000 Exception <a 'java/security/PrivilegedActionException'> (0x000000079723d068) thrown at [/HUDSON3/workspace/8-2-build-macosx-x86_64/jdk8u25/1514/hotspot/src/share/vm/prims/jvm.cpp, line 1312]
Event: 3.019 Thread 0x00007fe63200c000 Exception <a 'java/security/PrivilegedActionException'> (0x0000000797240128) thrown at [/HUDSON3/workspace/8-2-build-macosx-x86_64/jdk8u25/1514/hotspot/src/share/vm/prims/jvm.cpp, line 1312]
Event: 3.787 Thread 0x00007fe63200c000 Implicit null exception at 0x00000001068944ee to 0x0000000106898139
Event: 3.936 Thread 0x00007fe63200c000 Exception <a 'java/security/PrivilegedActionException'> (0x00000007964c85a8) thrown at [/HUDSON3/workspace/8-2-build-macosx-x86_64/jdk8u25/1514/hotspot/src/share/vm/prims/jvm.cpp, line 1312]
Event: 3.941 Thread 0x00007fe63200c000 Exception <a 'java/security/PrivilegedActionException'> (0x00000007964cbd28) thrown at [/HUDSON3/workspace/8-2-build-macosx-x86_64/jdk8u25/1514/hotspot/src/share/vm/prims/jvm.cpp, line 1312]
Event: 3.944 Thread 0x00007fe63200c000 Exception <a 'java/security/PrivilegedActionException'> (0x00000007964d20c8) thrown at [/HUDSON3/workspace/8-2-build-macosx-x86_64/jdk8u25/1514/hotspot/src/share/vm/prims/jvm.cpp, line 1312]
Event: 15.116 Thread 0x00007fe63200c000 Implicit null exception at 0x0000000106955183 to 0x0000000106955371
Event: 55.943 Thread 0x00007fe63200c000 Exception <a 'java/security/PrivilegedActionException'> (0x00000007968b3640) thrown at [/HUDSON3/workspace/8-2-build-macosx-x86_64/jdk8u25/1514/hotspot/src/share/vm/prims/jvm.cpp, line 1312]

Events (10 events):
Event: 36.755 Executing VM operation: RevokeBias
Event: 36.755 Executing VM operation: RevokeBias done
Event: 36.755 Thread 0x00007fe6328c6000 Thread exited: 0x00007fe6328c6000
Event: 51.889 Thread 0x00007fe6321b8800 Thread added: 0x00007fe6321b8800
Event: 54.025 Executing VM operation: RevokeBias
Event: 54.025 Executing VM operation: RevokeBias done
Event: 54.026 Thread 0x00007fe6321b8800 Thread exited: 0x00007fe6321b8800
Event: 54.048 Thread 0x00007fe6321b8800 Thread added: 0x00007fe6321b8800
Event: 55.942 loading class org/lwjgl/opengl/CallbackUtil
Event: 55.942 loading class org/lwjgl/opengl/CallbackUtil done


Dynamic libraries:
0x0000000002c69000 	/System/Library/Frameworks/Cocoa.framework/Versions/A/Cocoa
0x0000000002c69000 	/System/Library/Frameworks/Security.framework/Versions/A/Security
0x0000000002c69000 	/System/Library/Frameworks/ApplicationServices.framework/Versions/A/ApplicationServices
0x0000000002c69000 	/usr/lib/libz.1.dylib
0x0000000002c69000 	/usr/lib/libSystem.B.dylib
0x0000000002c69000 	/usr/lib/libobjc.A.dylib
0x0000000002c69000 	/System/Library/Frameworks/CoreFoundation.framework/Versions/A/CoreFoundation
0x0000000002c69000 	/System/Library/Frameworks/Foundation.framework/Versions/C/Foundation
0x0000000002c69000 	/System/Library/Frameworks/AppKit.framework/Versions/C/AppKit
0x0000000002c69000 	/System/Library/Frameworks/CoreData.framework/Versions/A/CoreData
0x0000000002c69000 	/System/Library/PrivateFrameworks/RemoteViewServices.framework/Versions/A/RemoteViewServices
0x0000000002c69000 	/System/Library/PrivateFrameworks/UIFoundation.framework/Versions/A/UIFoundation
0x0000000002c69000 	/System/Library/Frameworks/IOSurface.framework/Versions/A/IOSurface
0x0000000002c69000 	/System/Library/Frameworks/AudioToolbox.framework/Versions/A/AudioToolbox
0x0000000002c69000 	/System/Library/Frameworks/AudioUnit.framework/Versions/A/AudioUnit
0x0000000002c69000 	/System/Library/PrivateFrameworks/DataDetectorsCore.framework/Versions/A/DataDetectorsCore
0x0000000002c69000 	/System/Library/PrivateFrameworks/DesktopServicesPriv.framework/Versions/A/DesktopServicesPriv
0x0000000002c69000 	/System/Library/Frameworks/Carbon.framework/Versions/A/Frameworks/HIToolbox.framework/Versions/A/HIToolbox
0x0000000002c69000 	/System/Library/Frameworks/QuartzCore.framework/Versions/A/QuartzCore
0x0000000002c69000 	/System/Library/Frameworks/Carbon.framework/Versions/A/Frameworks/SpeechRecognition.framework/Versions/A/SpeechRecognition
0x0000000002c69000 	/usr/lib/libauto.dylib
0x0000000002c69000 	/usr/lib/libicucore.A.dylib
0x0000000002c69000 	/usr/lib/libxml2.2.dylib
0x0000000002c69000 	/System/Library/PrivateFrameworks/CoreUI.framework/Versions/A/CoreUI
0x0000000002c69000 	/System/Library/Frameworks/CoreAudio.framework/Versions/A/CoreAudio
0x0000000002c69000 	/System/Library/Frameworks/DiskArbitration.framework/Versions/A/DiskArbitration
0x0000000002c69000 	/usr/lib/liblangid.dylib
0x0000000002c69000 	/System/Library/PrivateFrameworks/MultitouchSupport.framework/Versions/A/MultitouchSupport
0x0000000002c69000 	/System/Library/Frameworks/IOKit.framework/Versions/A/IOKit
0x0000000002c69000 	/usr/lib/libDiagnosticMessagesClient.dylib
0x0000000002c69000 	/System/Library/Frameworks/CoreServices.framework/Versions/A/CoreServices
0x0000000002c69000 	/System/Library/PrivateFrameworks/PerformanceAnalysis.framework/Versions/A/PerformanceAnalysis
0x0000000002c69000 	/System/Library/PrivateFrameworks/GenerationalStorage.framework/Versions/A/GenerationalStorage
0x0000000002c69000 	/System/Library/Frameworks/OpenGL.framework/Versions/A/OpenGL
0x0000000002c69000 	/System/Library/PrivateFrameworks/Sharing.framework/Versions/A/Sharing
0x0000000002c69000 	/System/Library/Frameworks/CoreGraphics.framework/Versions/A/CoreGraphics
0x0000000002c69000 	/System/Library/Frameworks/CoreText.framework/Versions/A/CoreText
0x0000000002c69000 	/System/Library/Frameworks/ImageIO.framework/Versions/A/ImageIO
0x0000000002c69000 	/usr/lib/libextension.dylib
0x0000000002c69000 	/System/Library/PrivateFrameworks/Backup.framework/Versions/A/Backup
0x0000000002c69000 	/usr/lib/libarchive.2.dylib
0x0000000002c69000 	/System/Library/Frameworks/CFNetwork.framework/Versions/A/CFNetwork
0x0000000002c69000 	/System/Library/Frameworks/SystemConfiguration.framework/Versions/A/SystemConfiguration
0x0000000002c69000 	/usr/lib/libCRFSuite.dylib
0x0000000002c69000 	/usr/lib/libc++.1.dylib
0x0000000002c69000 	/usr/lib/libc++abi.dylib
0x0000000002c69000 	/usr/lib/system/libcache.dylib
0x0000000002c69000 	/usr/lib/system/libcommonCrypto.dylib
0x0000000002c69000 	/usr/lib/system/libcompiler_rt.dylib
0x0000000002c69000 	/usr/lib/system/libcopyfile.dylib
0x0000000002c69000 	/usr/lib/system/libcorecrypto.dylib
0x0000000002c69000 	/usr/lib/system/libdispatch.dylib
0x0000000002c69000 	/usr/lib/system/libdyld.dylib
0x0000000002c69000 	/usr/lib/system/libkeymgr.dylib
0x0000000002c69000 	/usr/lib/system/liblaunch.dylib
0x0000000002c69000 	/usr/lib/system/libmacho.dylib
0x0000000002c69000 	/usr/lib/system/libquarantine.dylib
0x0000000002c69000 	/usr/lib/system/libremovefile.dylib
0x0000000002c69000 	/usr/lib/system/libsystem_asl.dylib
0x0000000002c69000 	/usr/lib/system/libsystem_blocks.dylib
0x0000000002c69000 	/usr/lib/system/libsystem_c.dylib
0x0000000002c69000 	/usr/lib/system/libsystem_configuration.dylib
0x0000000002c69000 	/usr/lib/system/libsystem_coreservices.dylib
0x0000000002c69000 	/usr/lib/system/libsystem_coretls.dylib
0x0000000002c69000 	/usr/lib/system/libsystem_dnssd.dylib
0x0000000002c69000 	/usr/lib/system/libsystem_info.dylib
0x0000000002c69000 	/usr/lib/system/libsystem_kernel.dylib
0x0000000002c69000 	/usr/lib/system/libsystem_m.dylib
0x0000000002c69000 	/usr/lib/system/libsystem_malloc.dylib
0x0000000002c69000 	/usr/lib/system/libsystem_network.dylib
0x0000000002c69000 	/usr/lib/system/libsystem_networkextension.dylib
0x0000000002c69000 	/usr/lib/system/libsystem_notify.dylib
0x0000000002c69000 	/usr/lib/system/libsystem_platform.dylib
0x0000000002c69000 	/usr/lib/system/libsystem_pthread.dylib
0x0000000002c69000 	/usr/lib/system/libsystem_sandbox.dylib
0x0000000002c69000 	/usr/lib/system/libsystem_secinit.dylib
0x0000000002c69000 	/usr/lib/system/libsystem_stats.dylib
0x0000000002c69000 	/usr/lib/system/libsystem_trace.dylib
0x0000000002c69000 	/usr/lib/system/libunc.dylib
0x0000000002c69000 	/usr/lib/system/libunwind.dylib
0x0000000002c69000 	/usr/lib/system/libxpc.dylib
0x0000000002c69000 	/usr/lib/libbz2.1.0.dylib
0x0000000002c69000 	/usr/lib/liblzma.5.dylib
0x0000000002c69000 	/usr/lib/libbsm.0.dylib
0x0000000002c69000 	/usr/lib/libsqlite3.dylib
0x0000000002c69000 	/usr/lib/system/libkxld.dylib
0x0000000002c69000 	/usr/lib/libxar.1.dylib
0x0000000002c69000 	/usr/lib/libpam.2.dylib
0x0000000002c69000 	/usr/lib/libOpenScriptingUtil.dylib
0x0000000002c69000 	/System/Library/Frameworks/CoreServices.framework/Versions/A/Frameworks/FSEvents.framework/Versions/A/FSEvents
0x0000000002c69000 	/System/Library/Frameworks/CoreServices.framework/Versions/A/Frameworks/CarbonCore.framework/Versions/A/CarbonCore
0x0000000002c69000 	/System/Library/Frameworks/CoreServices.framework/Versions/A/Frameworks/Metadata.framework/Versions/A/Metadata
0x0000000002c69000 	/System/Library/Frameworks/CoreServices.framework/Versions/A/Frameworks/OSServices.framework/Versions/A/OSServices
0x0000000002c69000 	/System/Library/Frameworks/CoreServices.framework/Versions/A/Frameworks/SearchKit.framework/Versions/A/SearchKit
0x0000000002c69000 	/System/Library/Frameworks/CoreServices.framework/Versions/A/Frameworks/AE.framework/Versions/A/AE
0x0000000002c69000 	/System/Library/Frameworks/CoreServices.framework/Versions/A/Frameworks/LaunchServices.framework/Versions/A/LaunchServices
0x0000000002c69000 	/System/Library/Frameworks/CoreServices.framework/Versions/A/Frameworks/DictionaryServices.framework/Versions/A/DictionaryServices
0x0000000002c69000 	/System/Library/Frameworks/NetFS.framework/Versions/A/NetFS
0x0000000002c69000 	/System/Library/PrivateFrameworks/NetAuth.framework/Versions/A/NetAuth
0x0000000002c69000 	/System/Library/PrivateFrameworks/login.framework/Versions/A/Frameworks/loginsupport.framework/Versions/A/loginsupport
0x0000000002c69000 	/System/Library/PrivateFrameworks/TCC.framework/Versions/A/TCC
0x0000000002c69000 	/usr/lib/libmecabra.dylib
0x0000000002c69000 	/System/Library/Frameworks/ApplicationServices.framework/Versions/A/Frameworks/ATS.framework/Versions/A/ATS
0x0000000002c69000 	/System/Library/Frameworks/ApplicationServices.framework/Versions/A/Frameworks/ColorSync.framework/Versions/A/ColorSync
0x0000000002c69000 	/System/Library/Frameworks/ApplicationServices.framework/Versions/A/Frameworks/HIServices.framework/Versions/A/HIServices
0x0000000002c69000 	/System/Library/Frameworks/ApplicationServices.framework/Versions/A/Frameworks/LangAnalysis.framework/Versions/A/LangAnalysis
0x0000000002c69000 	/System/Library/Frameworks/ApplicationServices.framework/Versions/A/Frameworks/PrintCore.framework/Versions/A/PrintCore
0x0000000002c69000 	/System/Library/Frameworks/ApplicationServices.framework/Versions/A/Frameworks/QD.framework/Versions/A/QD
0x0000000002c69000 	/System/Library/Frameworks/ApplicationServices.framework/Versions/A/Frameworks/SpeechSynthesis.framework/Versions/A/SpeechSynthesis
0x0000000002c69000 	/System/Library/Frameworks/Accelerate.framework/Versions/A/Accelerate
0x0000000002c69000 	/System/Library/Frameworks/Accelerate.framework/Versions/A/Frameworks/vImage.framework/Versions/A/vImage
0x0000000002c69000 	/System/Library/Frameworks/Accelerate.framework/Versions/A/Frameworks/vecLib.framework/Versions/A/vecLib
0x0000000002c69000 	/System/Library/Frameworks/Accelerate.framework/Versions/A/Frameworks/vecLib.framework/Versions/A/libvDSP.dylib
0x0000000002c69000 	/System/Library/Frameworks/Accelerate.framework/Versions/A/Frameworks/vecLib.framework/Versions/A/libvMisc.dylib
0x0000000002c69000 	/System/Library/Frameworks/Accelerate.framework/Versions/A/Frameworks/vecLib.framework/Versions/A/libLAPACK.dylib
0x0000000002c69000 	/System/Library/Frameworks/Accelerate.framework/Versions/A/Frameworks/vecLib.framework/Versions/A/libBLAS.dylib
0x0000000002c69000 	/System/Library/Frameworks/Accelerate.framework/Versions/A/Frameworks/vecLib.framework/Versions/A/libLinearAlgebra.dylib
0x0000000002c69000 	/System/Library/Frameworks/ApplicationServices.framework/Versions/A/Frameworks/ATS.framework/Versions/A/Resources/libFontParser.dylib
0x0000000002c69000 	/System/Library/Frameworks/ApplicationServices.framework/Versions/A/Frameworks/ATS.framework/Versions/A/Resources/libFontRegistry.dylib
0x0000000002c69000 	/System/Library/PrivateFrameworks/AppleVPA.framework/Versions/A/AppleVPA
0x0000000002c69000 	/System/Library/PrivateFrameworks/AppleJPEG.framework/Versions/A/AppleJPEG
0x0000000002c69000 	/System/Library/Frameworks/ImageIO.framework/Versions/A/Resources/libJPEG.dylib
0x0000000002c69000 	/System/Library/Frameworks/ImageIO.framework/Versions/A/Resources/libTIFF.dylib
0x0000000002c69000 	/System/Library/Frameworks/ImageIO.framework/Versions/A/Resources/libPng.dylib
0x0000000002c69000 	/System/Library/Frameworks/ImageIO.framework/Versions/A/Resources/libGIF.dylib
0x0000000002c69000 	/System/Library/Frameworks/ImageIO.framework/Versions/A/Resources/libJP2.dylib
0x0000000002c69000 	/System/Library/Frameworks/ImageIO.framework/Versions/A/Resources/libRadiance.dylib
0x0000000002c69000 	/System/Library/Frameworks/CoreVideo.framework/Versions/A/CoreVideo
0x0000000002c69000 	/System/Library/Frameworks/OpenGL.framework/Versions/A/Libraries/libGLU.dylib
0x0000000002c69000 	/System/Library/Frameworks/OpenGL.framework/Versions/A/Libraries/libGFXShared.dylib
0x0000000002c69000 	/System/Library/Frameworks/OpenGL.framework/Versions/A/Libraries/libGL.dylib
0x0000000002c69000 	/System/Library/Frameworks/OpenGL.framework/Versions/A/Libraries/libGLImage.dylib
0x0000000002c69000 	/System/Library/Frameworks/OpenGL.framework/Versions/A/Libraries/libCVMSPluginSupport.dylib
0x0000000002c69000 	/System/Library/Frameworks/OpenGL.framework/Versions/A/Libraries/libCoreVMClient.dylib
0x0000000002c69000 	/usr/lib/libcups.2.dylib
0x0000000002c69000 	/System/Library/Frameworks/Kerberos.framework/Versions/A/Kerberos
0x0000000002c69000 	/System/Library/Frameworks/GSS.framework/Versions/A/GSS
0x0000000002c69000 	/usr/lib/libresolv.9.dylib
0x0000000002c69000 	/usr/lib/libiconv.2.dylib
0x0000000002c69000 	/System/Library/PrivateFrameworks/Heimdal.framework/Versions/A/Heimdal
0x0000000002c69000 	/usr/lib/libheimdal-asn1.dylib
0x0000000002c69000 	/System/Library/Frameworks/OpenDirectory.framework/Versions/A/OpenDirectory
0x0000000002c69000 	/System/Library/PrivateFrameworks/CommonAuth.framework/Versions/A/CommonAuth
0x0000000002c69000 	/System/Library/Frameworks/OpenDirectory.framework/Versions/A/Frameworks/CFOpenDirectory.framework/Versions/A/CFOpenDirectory
0x0000000002c69000 	/System/Library/Frameworks/SecurityFoundation.framework/Versions/A/SecurityFoundation
0x0000000002c69000 	/System/Library/PrivateFrameworks/LanguageModeling.framework/Versions/A/LanguageModeling
0x0000000002c69000 	/usr/lib/libcmph.dylib
0x0000000002c69000 	/System/Library/Frameworks/ServiceManagement.framework/Versions/A/ServiceManagement
0x0000000002c69000 	/usr/lib/libxslt.1.dylib
0x0000000002c69000 	/System/Library/Frameworks/Carbon.framework/Versions/A/Frameworks/Ink.framework/Versions/A/Ink
0x0000000002c69000 	/System/Library/Frameworks/QuartzCore.framework/Versions/A/Frameworks/CoreImage.framework/Versions/A/CoreImage
0x0000000002c69000 	/System/Library/PrivateFrameworks/CrashReporterSupport.framework/Versions/A/CrashReporterSupport
0x0000000002c69000 	/System/Library/Frameworks/OpenCL.framework/Versions/A/OpenCL
0x0000000002c69000 	/System/Library/PrivateFrameworks/FaceCore.framework/Versions/A/FaceCore
0x0000000002c69000 	/System/Library/PrivateFrameworks/Ubiquity.framework/Versions/A/Ubiquity
0x0000000002c69000 	/System/Library/PrivateFrameworks/IconServices.framework/Versions/A/IconServices
0x0000000002c69000 	/System/Library/PrivateFrameworks/ChunkingLibrary.framework/Versions/A/ChunkingLibrary
0x0000000002c69000 	/System/Library/PrivateFrameworks/Apple80211.framework/Versions/A/Apple80211
0x0000000002c69000 	/System/Library/Frameworks/CoreWLAN.framework/Versions/A/CoreWLAN
0x0000000002c69000 	/System/Library/Frameworks/IOBluetooth.framework/Versions/A/IOBluetooth
0x0000000002c69000 	/System/Library/PrivateFrameworks/CoreWiFi.framework/Versions/A/CoreWiFi
0x0000000002c69000 	/System/Library/Frameworks/CoreBluetooth.framework/Versions/A/CoreBluetooth
0x0000000002c69000 	/System/Library/PrivateFrameworks/DebugSymbols.framework/Versions/A/DebugSymbols
0x0000000002c69000 	/System/Library/PrivateFrameworks/CoreSymbolication.framework/Versions/A/CoreSymbolication
0x0000000002c69000 	/System/Library/PrivateFrameworks/Symbolication.framework/Versions/A/Symbolication
0x0000000002c69000 	/System/Library/PrivateFrameworks/SpeechRecognitionCore.framework/Versions/A/SpeechRecognitionCore
0x0000000104c36000 	/Library/Java/JavaVirtualMachines/jdk1.8.0_25.jdk/Contents/Home/jre/lib/server/libjvm.dylib
0x0000000002c69000 	/usr/lib/libstdc++.6.dylib
0x0000000105c55000 	/Library/Java/JavaVirtualMachines/jdk1.8.0_25.jdk/Contents/Home/jre/lib/libverify.dylib
0x0000000105c63000 	/Library/Java/JavaVirtualMachines/jdk1.8.0_25.jdk/Contents/Home/jre/lib/libjava.dylib
0x0000000105cb8000 	/Library/Java/JavaVirtualMachines/jdk1.8.0_25.jdk/Contents/Home/jre/lib/libzip.dylib
0x000000011c549000 	/System/Library/Frameworks/JavaVM.framework/Frameworks/JavaRuntimeSupport.framework/JavaRuntimeSupport
0x000000011c55f000 	/System/Library/Frameworks/JavaVM.framework/Versions/A/Frameworks/JavaNativeFoundation.framework/Versions/A/JavaNativeFoundation
0x0000000105ded000 	/System/Library/Frameworks/JavaVM.framework/Versions/A/JavaVM
0x0000000002c69000 	/System/Library/Frameworks/Carbon.framework/Versions/A/Carbon
0x000000011c573000 	/System/Library/PrivateFrameworks/JavaLaunching.framework/Versions/A/JavaLaunching
0x0000000002c69000 	/System/Library/Frameworks/Carbon.framework/Versions/A/Frameworks/CommonPanels.framework/Versions/A/CommonPanels
0x0000000002c69000 	/System/Library/Frameworks/Carbon.framework/Versions/A/Frameworks/Help.framework/Versions/A/Help
0x0000000002c69000 	/System/Library/Frameworks/Carbon.framework/Versions/A/Frameworks/ImageCapture.framework/Versions/A/ImageCapture
0x0000000002c69000 	/System/Library/Frameworks/Carbon.framework/Versions/A/Frameworks/OpenScripting.framework/Versions/A/OpenScripting
0x0000000002c69000 	/System/Library/Frameworks/Carbon.framework/Versions/A/Frameworks/Print.framework/Versions/A/Print
0x0000000002c69000 	/System/Library/Frameworks/Carbon.framework/Versions/A/Frameworks/SecurityHI.framework/Versions/A/SecurityHI
0x000000011e4a2000 	/Library/Java/JavaVirtualMachines/jdk1.8.0_25.jdk/Contents/Home/jre/lib/libawt.dylib
0x000000011e551000 	/Library/Java/JavaVirtualMachines/jdk1.8.0_25.jdk/Contents/Home/jre/lib/./libmlib_image.dylib
0x000000011e61d000 	/Library/Java/JavaVirtualMachines/jdk1.8.0_25.jdk/Contents/Home/jre/lib/libawt_lwawt.dylib
0x000000011e6d0000 	/Library/Java/JavaVirtualMachines/jdk1.8.0_25.jdk/Contents/Home/jre/lib/./libosxapp.dylib
0x0000000002c69000 	/System/Library/Frameworks/ExceptionHandling.framework/Versions/A/ExceptionHandling
0x0000000002c69000 	/System/Library/PrivateFrameworks/CoreServicesInternal.framework/Versions/A/CoreServicesInternal
0x0000000002c69000 	/System/Library/PrivateFrameworks/CloudDocs.framework/Versions/A/CloudDocs
0x0000000002c69000 	/System/Library/PrivateFrameworks/CoreDuet.framework/Versions/A/CoreDuet
0x0000000002c69000 	/System/Library/Frameworks/CloudKit.framework/Versions/A/CloudKit
0x0000000002c69000 	/System/Library/PrivateFrameworks/ProtocolBuffer.framework/Versions/A/ProtocolBuffer
0x0000000002c69000 	/System/Library/PrivateFrameworks/CoreDuetDaemonProtocol.framework/Versions/A/CoreDuetDaemonProtocol
0x0000000002c69000 	/System/Library/PrivateFrameworks/CoreDuetDebugLogging.framework/Versions/A/CoreDuetDebugLogging
0x0000000002c69000 	/System/Library/PrivateFrameworks/MMCS.framework/Versions/A/MMCS
0x0000000002c69000 	/System/Library/Frameworks/CoreLocation.framework/Versions/A/CoreLocation
0x0000000002c69000 	/System/Library/PrivateFrameworks/ProtectedCloudStorage.framework/Versions/A/ProtectedCloudStorage
0x0000000002c69000 	/System/Library/PrivateFrameworks/GeoServices.framework/Versions/A/GeoServices
0x0000000002c69000 	/System/Library/Frameworks/CoreGraphics.framework/Versions/A/Resources/libCGCMS.A.dylib
0x0000000002c69000 	/System/Library/Frameworks/CoreGraphics.framework/Versions/A/Resources/libRIP.A.dylib
0x0000000002c69000 	/System/Library/Frameworks/CoreGraphics.framework/Versions/A/Resources/libCGXType.A.dylib
0x0000000002c69000 	/System/Library/Frameworks/OpenCL.framework/Versions/A/Libraries/libcldcpuengine.dylib
0x0000000002c69000 	/System/Library/PrivateFrameworks/DiskImages.framework/Versions/A/DiskImages
0x0000000002c69000 	/System/Library/Frameworks/DiscRecording.framework/Versions/A/DiscRecording
0x0000000002c69000 	/usr/lib/libcsfde.dylib
0x0000000002c69000 	/usr/lib/libcurl.4.dylib
0x0000000002c69000 	/System/Library/PrivateFrameworks/MediaKit.framework/Versions/A/MediaKit
0x0000000002c69000 	/usr/lib/libCoreStorage.dylib
0x0000000002c69000 	/System/Library/PrivateFrameworks/EFILogin.framework/Versions/A/EFILogin
0x0000000002c69000 	/usr/lib/libutil.dylib
0x0000000002c69000 	/System/Library/PrivateFrameworks/FindMyDevice.framework/Versions/A/FindMyDevice
0x0000000002c69000 	/System/Library/Frameworks/LDAP.framework/Versions/A/LDAP
0x0000000002c69000 	/usr/lib/libsasl2.2.dylib
0x0000000002c69000 	/System/Library/PrivateFrameworks/CoreDaemon.framework/Versions/B/CoreDaemon
0x0000000002c69000 	/usr/lib/libcrypto.0.9.8.dylib
0x0000000002c69000 	/System/Library/PrivateFrameworks/AppleSRP.framework/Versions/A/AppleSRP
0x0000000002c69000 	/System/Library/PrivateFrameworks/TrustEvaluationAgent.framework/Versions/A/TrustEvaluationAgent
0x0000000121940000 	cl_kernels
0x0000000121942000 	/System/Library/Frameworks/OpenCL.framework/Versions/A/Libraries/ImageFormats/unorm8_bgra.dylib
0x0000000121932000 	cl_kernels
0x0000000002c69000 	/System/Library/PrivateFrameworks/FamilyControls.framework/Versions/A/FamilyControls
0x0000000002c69000 	/System/Library/PrivateFrameworks/CommerceKit.framework/Versions/A/Frameworks/CommerceCore.framework/Versions/A/CommerceCore
0x0000000002c69000 	/System/Library/PrivateFrameworks/SystemAdministration.framework/Versions/A/SystemAdministration
0x0000000002c69000 	/System/Library/PrivateFrameworks/AppContainer.framework/Versions/A/AppContainer
0x0000000002c69000 	/System/Library/PrivateFrameworks/SecCodeWrapper.framework/Versions/A/SecCodeWrapper
0x0000000002c69000 	/System/Library/Frameworks/DirectoryService.framework/Versions/A/DirectoryService
0x0000000002c69000 	/System/Library/PrivateFrameworks/LoginUIKit.framework/Versions/A/Frameworks/LoginUICore.framework/Versions/A/LoginUICore
0x0000000002c69000 	/usr/lib/libodfde.dylib
0x0000000122bc6000 	/Library/Java/JavaVirtualMachines/jdk1.8.0_25.jdk/Contents/Home/jre/lib/libfontmanager.dylib
0x0000000122c2d000 	/Users/Zain/LWJGL/lwjgl-2.9.3/native/macosx/liblwjgl.dylib
0x0000000120db0000 	/Library/Java/JavaVirtualMachines/jdk1.8.0_25.jdk/Contents/Home/jre/lib/libjawt.dylib
0x0000000002c69000 	/System/Library/Frameworks/OpenGL.framework/Versions/A/Resources/GLEngine.bundle/GLEngine
0x0000000002c69000 	/System/Library/Frameworks/OpenGL.framework/Versions/A/Libraries/libGLProgrammability.dylib
0x0000000000000000 	/System/Library/Extensions/AppleIntelHD5000GraphicsGLDriver.bundle/Contents/MacOS/AppleIntelHD5000GraphicsGLDriver
0x0000000002c69000 	/System/Library/PrivateFrameworks/IOAccelerator.framework/Versions/A/IOAccelerator
0x0000000002c69000 	/System/Library/PrivateFrameworks/GPUSupport.framework/Versions/A/Libraries/libGPUSupportMercury.dylib
0x0000000002c69000 	/System/Library/Frameworks/OpenGL.framework/Versions/A/Resources/GLRendererFloat.bundle/GLRendererFloat
0x00000001234ab000 	/Users/Zain/LWJGL/lwjgl-2.9.3/native/macosx/libjinput-osx.dylib
0x00000001234b0000 	/System/Library/Extensions/IOHIDFamily.kext/Contents/PlugIns/IOHIDLib.plugin/Contents/MacOS/IOHIDLib
0x00000001234e4000 	/Library/Java/JavaVirtualMachines/jdk1.8.0_25.jdk/Contents/Home/jre/lib/libnio.dylib
0x00000001234f4000 	/Library/Java/JavaVirtualMachines/jdk1.8.0_25.jdk/Contents/Home/jre/lib/./libnet.dylib
0x0000000123612000 	/Library/Java/JavaVirtualMachines/jdk1.8.0_25.jdk/Contents/Home/jre/lib/libjpeg.dylib
0x0000000123652000 	/Library/Java/JavaVirtualMachines/jdk1.8.0_25.jdk/Contents/Home/jre/lib/liblcms.dylib

VM Arguments:
jvm_args: -Dfile.encoding=UTF-8 -Djava.library.path=/Users/Zain/LWJGL/lwjgl-2.9.3/native/macosx 
java_command: snakeGame.SnakeRunner
java_class_path (initial): /Users/Zain/LWJGL/lwjgl-2.9.3/jar/jinput.jar:/Users/Zain/LWJGL/lwjgl-2.9.3/jar/lwjgl-debug.jar:/Users/Zain/LWJGL/lwjgl-2.9.3/jar/lwjgl.jar:/Users/Zain/LWJGL/lwjgl-2.9.3/jar/lwjgl_test.jar:/Users/Zain/LWJGL/lwjgl-2.9.3/jar/lwjgl_util.jar:/Users/Zain/SLICK-UTIL/lib/slick-util.jar:/Users/Zain/SLICK2D/slick/lib/slick.jar:/Users/Zain/NetBeansProjects/Snake_Copy/build/classes
Launcher Type: SUN_STANDARD

Environment Variables:
PATH=/usr/bin:/bin:/usr/sbin:/sbin
LD_LIBRARY_PATH=/Library/Java/JavaVirtualMachines/jdk1.8.0_25.jdk/Contents/Home/jre/lib/amd64:/Library/Java/JavaVirtualMachines/jdk1.8.0_25.jdk/Contents/Home/jre/lib/i386:
SHELL=/bin/bash
DYLD_LIBRARY_PATH=/Applications/NetBeans/NetBeans 8.0.2.app/Contents/Resources/NetBeans/webcommon/bin:

Signal Handlers:
SIGSEGV: [libjvm.dylib+0x579dc7], sa_mask[0]=11111111011111110111111111111111, sa_flags=SA_ONSTACK|SA_RESTART|SA_SIGINFO
SIGBUS: [libjvm.dylib+0x579dc7], sa_mask[0]=11111111011111110111111111111111, sa_flags=SA_RESTART|SA_SIGINFO
SIGFPE: [libjvm.dylib+0x45b030], sa_mask[0]=11111111011111110111111111111111, sa_flags=SA_RESTART|SA_SIGINFO
SIGPIPE: [libjvm.dylib+0x45b030], sa_mask[0]=11111111011111110111111111111111, sa_flags=SA_RESTART|SA_SIGINFO
SIGXFSZ: [libjvm.dylib+0x45b030], sa_mask[0]=11111111011111110111111111111111, sa_flags=SA_RESTART|SA_SIGINFO
SIGILL: [libjvm.dylib+0x45b030], sa_mask[0]=11111111011111110111111111111111, sa_flags=SA_RESTART|SA_SIGINFO
SIGUSR1: SIG_DFL, sa_mask[0]=00000000000000000000000000000000, sa_flags=none
SIGUSR2: [libjvm.dylib+0x45ab4e], sa_mask[0]=00100000000000000000000000000000, sa_flags=SA_RESTART|SA_SIGINFO
SIGHUP: [libjvm.dylib+0x459121], sa_mask[0]=11111111011111110111111111111111, sa_flags=SA_RESTART|SA_SIGINFO
SIGINT: SIG_IGN, sa_mask[0]=00000000000000000000000000000000, sa_flags=none
SIGTERM: [libjvm.dylib+0x459121], sa_mask[0]=11111111011111110111111111111111, sa_flags=SA_RESTART|SA_SIGINFO
SIGQUIT: [libjvm.dylib+0x459121], sa_mask[0]=11111111011111110111111111111111, sa_flags=SA_RESTART|SA_SIGINFO


---------------  S Y S T E M  ---------------

OS:Bsduname:Darwin 14.4.0 Darwin Kernel Version 14.4.0: Thu May 28 11:35:04 PDT 2015; root:xnu-2782.30.5~1/RELEASE_X86_64 x86_64
rlimit: STACK 8192k, CORE 0k, NPROC 709, NOFILE 10240, AS infinity
load average:2.11 1.91 1.87

CPU:total 4 (2 cores per cpu, 2 threads per core) family 6 model 69 stepping 1, cmov, cx8, fxsr, mmx, sse, sse2, sse3, ssse3, sse4.1, sse4.2, popcnt, avx, avx2, aes, clmul, erms, lzcnt, ht, tsc, tscinvbit, bmi1, bmi2

Memory: 4k page, physical 8388608k(93164k free)

/proc/meminfo:


vm_info: Java HotSpot(TM) 64-Bit Server VM (25.25-b02) for bsd-amd64 JRE (1.8.0_25-b17), built on Sep 17 2014 16:56:50 by "java_re" with gcc 4.2.1 (Based on Apple Inc. build 5658) (LLVM build 2336.11.00)

time: Wed Aug  5 18:25:07 2015
elapsed time: 56 seconds (0d 0h 0m 56s)

