#
# A fatal error has been detected by the Java Runtime Environment:
#
#  SIGSEGV (0xb) at pc=0x00007fff9335c8f2, pid=1138, tid=1811
#
# JRE version: Java(TM) SE Runtime Environment (8.0_25-b17) (build 1.8.0_25-b17)
# Java VM: Java HotSpot(TM) 64-Bit Server VM (25.25-b02 mixed mode bsd-amd64 compressed oops)
# Problematic frame:
# C  [libGPUSupportMercury.dylib+0xb8f2]  gldAttachDrawable+0x60
#
# Failed to write core dump. Core dumps have been disabled. To enable core dumping, try "ulimit -c unlimited" before starting Java again
#
# If you would like to submit a bug report, please visit:
#   http://bugreport.sun.com/bugreport/crash.jsp
# The crash happened outside the Java Virtual Machine in native code.
# See problematic frame for where to report the bug.
#

---------------  T H R E A D  ---------------

Current thread (0x00007fd161036000):  JavaThread "AppKit Thread" daemon [_thread_in_native, id=1811, stack(0x00007fff5290a000,0x00007fff5310a000)]

siginfo: si_signo: 11 (SIGSEGV), si_code: 0 (unknown), si_addr: 0x0000000000000000

Registers:
RAX=0x2000000000000000, RBX=0x000000000000271e, RCX=0x0000000000000000, RDX=0x00007fd160f98e18
RSP=0x00007fff531048b0, RBP=0x00007fff531049b0, RSI=0x0000000000000050, RDI=0x00007fff74563070
R8 =0x00007fd164009e60, R9 =0x00007fd163800000, R10=0x000000000000003c, R11=0x0000000000000206
R12=0x0000000000002718, R13=0x00007fd16109a200, R14=0x0000000000000050, R15=0x0000000000000000
RIP=0x00007fff9335c8f2, EFLAGS=0x0000000000010212, ERR=0x0000000000000000
  TRAPNO=0x000000000000000d

Top of Stack: (sp=0x00007fff531048b0)
0x00007fff531048b0:   00007fff53104924 00007fd160f21ee0
0x00007fff531048c0:   ffffffffffffffff 0000206000000040
0x00007fff531048d0:   00007fd160f21ef8 00007fff9015464f
0x00007fff531048e0:   0000000000000000 2000000000000000
0x00007fff531048f0:   0000000300000003 00007fff53104a38
0x00007fff53104900:   00007fff531049c4 000000000001a827
0x00007fff53104910:   00007fff531049bc 00007fff531049c0
0x00007fff53104920:   00007fff531049a0 00007fff909b0ee9
0x00007fff53104930:   0000000000000000 0000000000000200
0x00007fff53104940:   0000003400001200 0000040b00000000
0x00007fff53104950:   00007fff53104980 00007fff9094a8f6
0x00007fff53104960:   00007fff531049f8 0000000000000200
0x00007fff53104970:   00007fff531049b0 000000003552c35e
0x00007fff53104980:   ea0069e396d35ab0 00007fd164000000
0x00007fff53104990:   0000000000002718 0000000000000000
0x00007fff531049a0:   0000000000000050 0000000000000000
0x00007fff531049b0:   00007fff53104a00 00007fff89c7b7e8
0x00007fff531049c0:   00007fd164009e60 0000000000000000
0x00007fff531049d0:   00007fd160f98e18 00007fd160e34910
0x00007fff531049e0:   0000000000000000 00007fd161098150
0x00007fff531049f0:   00007fd161096200 00007fff74563070
0x00007fff53104a00:   00007fff53104af0 00007fff8603f870
0x00007fff53104a10:   4089000000000000 4061800000000000
0x00007fff53104a20:   4053800000000000 408f400000000000
0x00007fff53104a30:   4083700000000000 0000000000000000
0x00007fff53104a40:   4036000000000000 408f400000000000
0x00007fff53104a50:   4082c00000000000 0000000000000000
0x00007fff53104a60:   0000000000000000 0000000000000001
0x00007fff53104a70:   00007fd160f98e18 0000000000000001
0x00007fff53104a80:   00007fff53104af0 00007fff8604466b
0x00007fff53104a90:   0000000100000003 00007fd161098150
0x00007fff53104aa0:   00007fd161098088 000000028b94ffff 

Instructions: (pc=0x00007fff9335c8f2)
0x00007fff9335c8d2:   48 85 d2 b8 01 00 00 00 bb 15 27 00 00 0f 44 d8
0x00007fff9335c8e2:   e9 7f 01 00 00 49 8b 45 08 48 89 85 38 ff ff ff
0x00007fff9335c8f2:   48 8b 00 48 89 85 30 ff ff ff 83 fe 4f 0f 8f fd
0x00007fff9335c902:   00 00 00 48 89 d0 bb 15 27 00 00 83 fe 35 0f 84 

Register to memory mapping:

RAX=0x2000000000000000 is an unknown value
RBX=0x000000000000271e is an unknown value
RCX=0x0000000000000000 is an unknown value
RDX=0x00007fd160f98e18 is an unknown value
RSP=0x00007fff531048b0 is pointing into the stack for thread: 0x00007fd161036000
RBP=0x00007fff531049b0 is pointing into the stack for thread: 0x00007fd161036000
RSI=0x0000000000000050 is an unknown value
RDI=0x00007fff74563070: __stack_chk_guard+0 in /usr/lib/system/libsystem_c.dylib at 0x00007fff857f4000
R8 =0x00007fd164009e60 is an unknown value
R9 =0x00007fd163800000 is an unknown value
R10=0x000000000000003c is an unknown value
R11=0x0000000000000206 is an unknown value
R12=0x0000000000002718 is an unknown value
R13=0x00007fd16109a200 is an unknown value
R14=0x0000000000000050 is an unknown value
R15=0x0000000000000000 is an unknown value


Stack: [0x00007fff5290a000,0x00007fff5310a000],  sp=0x00007fff531048b0,  free space=8170k
Native frames: (J=compiled Java code, j=interpreted, Vv=VM code, C=native code)
C  [libGPUSupportMercury.dylib+0xb8f2]  gldAttachDrawable+0x60
C  [GLEngine+0x167e8]  gliAttachDrawableWithOptions+0x101
C  [OpenGL+0x3870]  glcGetIOAccelService+0xe03
C  [OpenGL+0x7412]  CGLSetPBuffer+0xb90
C  [OpenGL+0x7735]  CGLSetSurface+0x124
C  [AppKit+0x332c34]  NSOpenGLContextAttachOnScreenViewSurface+0x109
C  [AppKit+0x31db7c]  -[NSOpenGLContext setView:]+0x83
C  [liblwjgl.dylib+0xa586]  -[MacOSXOpenGLView lockFocus]+0x76
C  [AppKit+0xe1f45]  -[NSView _recursiveDisplayRectIfNeededIgnoringOpacity:isVisibleRect:rectIsVisibleRectForView:topView:]+0x740
C  [AppKit+0xe2fa0]  -[NSView _recursiveDisplayRectIfNeededIgnoringOpacity:isVisibleRect:rectIsVisibleRectForView:topView:]+0x179b
C  [AppKit+0xe12f3]  -[NSThemeFrame _recursiveDisplayRectIfNeededIgnoringOpacity:isVisibleRect:rectIsVisibleRectForView:topView:]+0x14d
C  [AppKit+0xdd68b]  -[NSView _displayRectIgnoringOpacity:isVisibleRect:rectIsVisibleRectForView:]+0xac9
C  [AppKit+0x951ae]  -[NSView displayIfNeeded]+0x754
C  [AppKit+0x94a09]  -[NSWindow displayIfNeeded]+0xec
C  [AppKit+0x94672]  _handleWindowNeedsDisplayOrLayoutOrUpdateConstraints+0x3a8
C  [AppKit+0x7ca171]  __83-[NSWindow _postWindowNeedsDisplayOrLayoutOrUpdateConstraintsUnlessPostingDisabled]_block_invoke1540+0x2e
C  [CoreFoundation+0x80127]  __CFRUNLOOP_IS_CALLING_OUT_TO_AN_OBSERVER_CALLBACK_FUNCTION__+0x17
C  [CoreFoundation+0x80080]  __CFRunLoopDoObservers+0x170
C  [CoreFoundation+0x72188]  __CFRunLoopRun+0x368
C  [CoreFoundation+0x71bd8]  CFRunLoopRunSpecific+0x128
C  [HIToolbox+0x3256f]  RunCurrentEventLoopInMode+0xeb
C  [HIToolbox+0x321ee]  ReceiveNextEventCommon+0xb3
C  [HIToolbox+0x3212b]  _BlockUntilNextEventMatchingListInModeWithFilter+0x47
C  [AppKit+0x918ab]  _DPSNextEvent+0x3d2
C  [AppKit+0x90e58]  -[NSApplication nextEventMatchingMask:untilDate:inMode:dequeue:]+0x15a
C  [libosxapp.dylib+0x242a]  -[NSApplicationAWT nextEventMatchingMask:untilDate:inMode:dequeue:]+0x7c
C  [AppKit+0x86af3]  -[NSApplication run]+0x252
C  [libosxapp.dylib+0x223e]  +[NSApplicationAWT runAWTLoopWithApp:]+0x9c
C  [libawt_lwawt.dylib+0x4494f]  -[AWTStarter starter:]+0x389
C  [Foundation+0x92d00]  __NSThreadPerformPerform+0x125
C  [CoreFoundation+0x80a01]  __CFRUNLOOP_IS_CALLING_OUT_TO_A_SOURCE0_PERFORM_FUNCTION__+0x11
C  [CoreFoundation+0x72b8d]  __CFRunLoopDoSources0+0x10d
C  [CoreFoundation+0x721bf]  __CFRunLoopRun+0x39f
C  [CoreFoundation+0x71bd8]  CFRunLoopRunSpecific+0x128
C  [java+0x56cc]  CreateExecutionEnvironment+0x367
C  [java+0x165c]  JLI_Launch+0x7a0
C  [java+0x768a]  main+0x65
C  [java+0xeb4]  start+0x34
C  0x0000000000000006


---------------  P R O C E S S  ---------------

Java Threads: ( => current thread )
  0x00007fd1610c1000 JavaThread "AWT-Shutdown" [_thread_blocked, id=26679, stack(0x0000000127d41000,0x0000000127e41000)]
=>0x00007fd161036000 JavaThread "AppKit Thread" daemon [_thread_in_native, id=1811, stack(0x00007fff5290a000,0x00007fff5310a000)]
  0x00007fd162851800 JavaThread "Service Thread" daemon [_thread_blocked, id=18179, stack(0x0000000126221000,0x0000000126321000)]
  0x00007fd162039000 JavaThread "C1 CompilerThread2" daemon [_thread_blocked, id=17667, stack(0x000000012611e000,0x000000012621e000)]
  0x00007fd162044000 JavaThread "C2 CompilerThread1" daemon [_thread_blocked, id=17155, stack(0x000000012601b000,0x000000012611b000)]
  0x00007fd161816000 JavaThread "C2 CompilerThread0" daemon [_thread_blocked, id=16643, stack(0x0000000125f18000,0x0000000126018000)]
  0x00007fd161815000 JavaThread "Signal Dispatcher" daemon [_thread_blocked, id=13331, stack(0x0000000125e15000,0x0000000125f15000)]
  0x00007fd161012000 JavaThread "Finalizer" daemon [_thread_blocked, id=11523, stack(0x0000000124405000,0x0000000124505000)]
  0x00007fd161811000 JavaThread "Reference Handler" daemon [_thread_blocked, id=11011, stack(0x0000000124302000,0x0000000124402000)]
  0x00007fd162800800 JavaThread "main" [_thread_in_native, id=4867, stack(0x000000010e401000,0x000000010e501000)]

Other Threads:
  0x00007fd16180c000 VMThread [stack: 0x00000001241ff000,0x00000001242ff000] [id=10499]
  0x00007fd16280a000 WatcherThread [stack: 0x0000000126324000,0x0000000126424000] [id=18691]

VM state:not at safepoint (normal execution)

VM Mutex/Monitor currently owned by a thread: None

Heap:
 PSYoungGen      total 38400K, used 13316K [0x0000000795580000, 0x0000000798000000, 0x00000007c0000000)
  eden space 33280K, 40% used [0x0000000795580000,0x00000007962812d8,0x0000000797600000)
  from space 5120K, 0% used [0x0000000797b00000,0x0000000797b00000,0x0000000798000000)
  to   space 5120K, 0% used [0x0000000797600000,0x0000000797600000,0x0000000797b00000)
 ParOldGen       total 87552K, used 0K [0x0000000740000000, 0x0000000745580000, 0x0000000795580000)
  object space 87552K, 0% used [0x0000000740000000,0x0000000740000000,0x0000000745580000)
 Metaspace       used 6839K, capacity 6985K, committed 7168K, reserved 1056768K
  class space    used 689K, capacity 727K, committed 768K, reserved 1048576K

Card table byte_map: [0x000000011d8c3000,0x000000011dcc4000] byte_map_base: 0x0000000119ec3000

Marking Bits: (ParMarkBitMap*) 0x000000010d491390
 Begin Bits: [0x000000011e37b000, 0x000000012037b000)
 End Bits:   [0x000000012037b000, 0x000000012237b000)

Polling page: 0x000000010db69000

CodeCache: size=245760Kb used=2682Kb max_used=2693Kb free=243077Kb
 bounds [0x000000010e503000, 0x000000010e7b3000, 0x000000011d503000]
 total_blobs=1068 nmethods=680 adapters=303
 compilation: enabled

Compilation events (10 events):
Event: 7.391 Thread 0x00007fd162039000  674   !   3       org.lwjgl.opengl.Display::isVisible (38 bytes)
Event: 7.391 Thread 0x00007fd162039000 nmethod 674 0x000000010e79cd90 code [0x000000010e79cf40, 0x000000010e79d528]
Event: 7.391 Thread 0x00007fd162039000  675   !   3       org.newdawn.slick.GameContainer::updateAndRender (406 bytes)
Event: 7.393 Thread 0x00007fd162039000 nmethod 675 0x000000010e79d790 code [0x000000010e79dcc0, 0x000000010e7a0648]
Event: 7.393 Thread 0x00007fd162039000  677       3       org.newdawn.slick.BasicGame::inputStarted (1 bytes)
Event: 7.393 Thread 0x00007fd162039000 nmethod 677 0x000000010e7a2190 code [0x000000010e7a22e0, 0x000000010e7a2430]
Event: 7.393 Thread 0x00007fd162039000  678       3       snakeGame.SnakeGame::update (1 bytes)
Event: 7.393 Thread 0x00007fd162039000 nmethod 678 0x000000010e7a24d0 code [0x000000010e7a2620, 0x000000010e7a2770]
Event: 8.809 Thread 0x00007fd162039000  679       1       org.newdawn.slick.Graphics::postdraw (1 bytes)
Event: 8.809 Thread 0x00007fd162039000 nmethod 679 0x000000010e7a2810 code [0x000000010e7a2960, 0x000000010e7a2a70]

GC Heap History (0 events):
No events

Deoptimization events (0 events):
No events

Internal exceptions (10 events):
Event: 0.857 Thread 0x00007fd162800800 Exception <a 'java/security/PrivilegedActionException'> (0x0000000795e92c48) thrown at [/HUDSON3/workspace/8-2-build-macosx-x86_64/jdk8u25/1514/hotspot/src/share/vm/prims/jvm.cpp, line 1312]
Event: 0.859 Thread 0x00007fd162800800 Exception <a 'java/security/PrivilegedActionException'> (0x0000000795e9a7b8) thrown at [/HUDSON3/workspace/8-2-build-macosx-x86_64/jdk8u25/1514/hotspot/src/share/vm/prims/jvm.cpp, line 1312]
Event: 0.859 Thread 0x00007fd162800800 Exception <a 'java/security/PrivilegedActionException'> (0x0000000795e9d138) thrown at [/HUDSON3/workspace/8-2-build-macosx-x86_64/jdk8u25/1514/hotspot/src/share/vm/prims/jvm.cpp, line 1312]
Event: 0.859 Thread 0x00007fd162800800 Exception <a 'java/security/PrivilegedActionException'> (0x0000000795e9eee8) thrown at [/HUDSON3/workspace/8-2-build-macosx-x86_64/jdk8u25/1514/hotspot/src/share/vm/prims/jvm.cpp, line 1312]
Event: 0.860 Thread 0x00007fd162800800 Exception <a 'java/security/PrivilegedActionException'> (0x0000000795ea31c8) thrown at [/HUDSON3/workspace/8-2-build-macosx-x86_64/jdk8u25/1514/hotspot/src/share/vm/prims/jvm.cpp, line 1312]
Event: 1.000 Thread 0x00007fd162800800 Exception <a 'java/security/PrivilegedActionException'> (0x000000079600ddb0) thrown at [/HUDSON3/workspace/8-2-build-macosx-x86_64/jdk8u25/1514/hotspot/src/share/vm/prims/jvm.cpp, line 1312]
Event: 1.001 Thread 0x00007fd162800800 Exception <a 'java/security/PrivilegedActionException'> (0x0000000796011190) thrown at [/HUDSON3/workspace/8-2-build-macosx-x86_64/jdk8u25/1514/hotspot/src/share/vm/prims/jvm.cpp, line 1312]
Event: 1.002 Thread 0x00007fd162800800 Exception <a 'java/security/PrivilegedActionException'> (0x0000000796017840) thrown at [/HUDSON3/workspace/8-2-build-macosx-x86_64/jdk8u25/1514/hotspot/src/share/vm/prims/jvm.cpp, line 1312]
Event: 1.006 Thread 0x00007fd162800800 Exception <a 'java/security/PrivilegedActionException'> (0x000000079601abd8) thrown at [/HUDSON3/workspace/8-2-build-macosx-x86_64/jdk8u25/1514/hotspot/src/share/vm/prims/jvm.cpp, line 1312]
Event: 1.007 Thread 0x00007fd162800800 Exception <a 'java/security/PrivilegedActionException'> (0x000000079601dc98) thrown at [/HUDSON3/workspace/8-2-build-macosx-x86_64/jdk8u25/1514/hotspot/src/share/vm/prims/jvm.cpp, line 1312]

Events (10 events):
Event: 4.110 Executing VM operation: EnableBiasedLocking
Event: 4.110 Executing VM operation: EnableBiasedLocking done
Event: 6.851 Thread 0x00007fd1621be800 Thread exited: 0x00007fd1621be800
Event: 6.864 Thread 0x00007fd1610c1000 Thread added: 0x00007fd1610c1000
Event: 8.265 Executing VM operation: RevokeBias
Event: 8.266 Executing VM operation: RevokeBias done
Event: 8.266 Thread 0x00007fd1610c1000 Thread exited: 0x00007fd1610c1000
Event: 8.752 Thread 0x00007fd1610c1000 Thread added: 0x00007fd1610c1000
Event: 9.362 loading class org/lwjgl/opengl/CallbackUtil
Event: 9.362 loading class org/lwjgl/opengl/CallbackUtil done


Dynamic libraries:
0x0000000003db7000 	/System/Library/Frameworks/Cocoa.framework/Versions/A/Cocoa
0x0000000003db7000 	/System/Library/Frameworks/Security.framework/Versions/A/Security
0x0000000003db7000 	/System/Library/Frameworks/ApplicationServices.framework/Versions/A/ApplicationServices
0x0000000003db7000 	/usr/lib/libz.1.dylib
0x0000000003db7000 	/usr/lib/libSystem.B.dylib
0x0000000003db7000 	/usr/lib/libobjc.A.dylib
0x0000000003db7000 	/System/Library/Frameworks/CoreFoundation.framework/Versions/A/CoreFoundation
0x0000000003db7000 	/System/Library/Frameworks/Foundation.framework/Versions/C/Foundation
0x0000000003db7000 	/System/Library/Frameworks/AppKit.framework/Versions/C/AppKit
0x0000000003db7000 	/System/Library/Frameworks/CoreData.framework/Versions/A/CoreData
0x0000000003db7000 	/System/Library/PrivateFrameworks/RemoteViewServices.framework/Versions/A/RemoteViewServices
0x0000000003db7000 	/System/Library/PrivateFrameworks/UIFoundation.framework/Versions/A/UIFoundation
0x0000000003db7000 	/System/Library/Frameworks/IOSurface.framework/Versions/A/IOSurface
0x0000000003db7000 	/System/Library/Frameworks/AudioToolbox.framework/Versions/A/AudioToolbox
0x0000000003db7000 	/System/Library/Frameworks/AudioUnit.framework/Versions/A/AudioUnit
0x0000000003db7000 	/System/Library/PrivateFrameworks/DataDetectorsCore.framework/Versions/A/DataDetectorsCore
0x0000000003db7000 	/System/Library/PrivateFrameworks/DesktopServicesPriv.framework/Versions/A/DesktopServicesPriv
0x0000000003db7000 	/System/Library/Frameworks/Carbon.framework/Versions/A/Frameworks/HIToolbox.framework/Versions/A/HIToolbox
0x0000000003db7000 	/System/Library/Frameworks/QuartzCore.framework/Versions/A/QuartzCore
0x0000000003db7000 	/System/Library/Frameworks/Carbon.framework/Versions/A/Frameworks/SpeechRecognition.framework/Versions/A/SpeechRecognition
0x0000000003db7000 	/usr/lib/libauto.dylib
0x0000000003db7000 	/usr/lib/libicucore.A.dylib
0x0000000003db7000 	/usr/lib/libxml2.2.dylib
0x0000000003db7000 	/System/Library/PrivateFrameworks/CoreUI.framework/Versions/A/CoreUI
0x0000000003db7000 	/System/Library/Frameworks/CoreAudio.framework/Versions/A/CoreAudio
0x0000000003db7000 	/System/Library/Frameworks/DiskArbitration.framework/Versions/A/DiskArbitration
0x0000000003db7000 	/usr/lib/liblangid.dylib
0x0000000003db7000 	/System/Library/PrivateFrameworks/MultitouchSupport.framework/Versions/A/MultitouchSupport
0x0000000003db7000 	/System/Library/Frameworks/IOKit.framework/Versions/A/IOKit
0x0000000003db7000 	/usr/lib/libDiagnosticMessagesClient.dylib
0x0000000003db7000 	/System/Library/Frameworks/CoreServices.framework/Versions/A/CoreServices
0x0000000003db7000 	/System/Library/PrivateFrameworks/PerformanceAnalysis.framework/Versions/A/PerformanceAnalysis
0x0000000003db7000 	/System/Library/PrivateFrameworks/GenerationalStorage.framework/Versions/A/GenerationalStorage
0x0000000003db7000 	/System/Library/Frameworks/OpenGL.framework/Versions/A/OpenGL
0x0000000003db7000 	/System/Library/PrivateFrameworks/Sharing.framework/Versions/A/Sharing
0x0000000003db7000 	/System/Library/Frameworks/CoreGraphics.framework/Versions/A/CoreGraphics
0x0000000003db7000 	/System/Library/Frameworks/CoreText.framework/Versions/A/CoreText
0x0000000003db7000 	/System/Library/Frameworks/ImageIO.framework/Versions/A/ImageIO
0x0000000003db7000 	/usr/lib/libextension.dylib
0x0000000003db7000 	/System/Library/PrivateFrameworks/Backup.framework/Versions/A/Backup
0x0000000003db7000 	/usr/lib/libarchive.2.dylib
0x0000000003db7000 	/System/Library/Frameworks/CFNetwork.framework/Versions/A/CFNetwork
0x0000000003db7000 	/System/Library/Frameworks/SystemConfiguration.framework/Versions/A/SystemConfiguration
0x0000000003db7000 	/usr/lib/libCRFSuite.dylib
0x0000000003db7000 	/usr/lib/libc++.1.dylib
0x0000000003db7000 	/usr/lib/libc++abi.dylib
0x0000000003db7000 	/usr/lib/system/libcache.dylib
0x0000000003db7000 	/usr/lib/system/libcommonCrypto.dylib
0x0000000003db7000 	/usr/lib/system/libcompiler_rt.dylib
0x0000000003db7000 	/usr/lib/system/libcopyfile.dylib
0x0000000003db7000 	/usr/lib/system/libcorecrypto.dylib
0x0000000003db7000 	/usr/lib/system/libdispatch.dylib
0x0000000003db7000 	/usr/lib/system/libdyld.dylib
0x0000000003db7000 	/usr/lib/system/libkeymgr.dylib
0x0000000003db7000 	/usr/lib/system/liblaunch.dylib
0x0000000003db7000 	/usr/lib/system/libmacho.dylib
0x0000000003db7000 	/usr/lib/system/libquarantine.dylib
0x0000000003db7000 	/usr/lib/system/libremovefile.dylib
0x0000000003db7000 	/usr/lib/system/libsystem_asl.dylib
0x0000000003db7000 	/usr/lib/system/libsystem_blocks.dylib
0x0000000003db7000 	/usr/lib/system/libsystem_c.dylib
0x0000000003db7000 	/usr/lib/system/libsystem_configuration.dylib
0x0000000003db7000 	/usr/lib/system/libsystem_coreservices.dylib
0x0000000003db7000 	/usr/lib/system/libsystem_coretls.dylib
0x0000000003db7000 	/usr/lib/system/libsystem_dnssd.dylib
0x0000000003db7000 	/usr/lib/system/libsystem_info.dylib
0x0000000003db7000 	/usr/lib/system/libsystem_kernel.dylib
0x0000000003db7000 	/usr/lib/system/libsystem_m.dylib
0x0000000003db7000 	/usr/lib/system/libsystem_malloc.dylib
0x0000000003db7000 	/usr/lib/system/libsystem_network.dylib
0x0000000003db7000 	/usr/lib/system/libsystem_networkextension.dylib
0x0000000003db7000 	/usr/lib/system/libsystem_notify.dylib
0x0000000003db7000 	/usr/lib/system/libsystem_platform.dylib
0x0000000003db7000 	/usr/lib/system/libsystem_pthread.dylib
0x0000000003db7000 	/usr/lib/system/libsystem_sandbox.dylib
0x0000000003db7000 	/usr/lib/system/libsystem_secinit.dylib
0x0000000003db7000 	/usr/lib/system/libsystem_stats.dylib
0x0000000003db7000 	/usr/lib/system/libsystem_trace.dylib
0x0000000003db7000 	/usr/lib/system/libunc.dylib
0x0000000003db7000 	/usr/lib/system/libunwind.dylib
0x0000000003db7000 	/usr/lib/system/libxpc.dylib
0x0000000003db7000 	/usr/lib/libbz2.1.0.dylib
0x0000000003db7000 	/usr/lib/liblzma.5.dylib
0x0000000003db7000 	/usr/lib/libbsm.0.dylib
0x0000000003db7000 	/usr/lib/libsqlite3.dylib
0x0000000003db7000 	/usr/lib/system/libkxld.dylib
0x0000000003db7000 	/usr/lib/libxar.1.dylib
0x0000000003db7000 	/usr/lib/libpam.2.dylib
0x0000000003db7000 	/usr/lib/libOpenScriptingUtil.dylib
0x0000000003db7000 	/System/Library/Frameworks/CoreServices.framework/Versions/A/Frameworks/FSEvents.framework/Versions/A/FSEvents
0x0000000003db7000 	/System/Library/Frameworks/CoreServices.framework/Versions/A/Frameworks/CarbonCore.framework/Versions/A/CarbonCore
0x0000000003db7000 	/System/Library/Frameworks/CoreServices.framework/Versions/A/Frameworks/Metadata.framework/Versions/A/Metadata
0x0000000003db7000 	/System/Library/Frameworks/CoreServices.framework/Versions/A/Frameworks/OSServices.framework/Versions/A/OSServices
0x0000000003db7000 	/System/Library/Frameworks/CoreServices.framework/Versions/A/Frameworks/SearchKit.framework/Versions/A/SearchKit
0x0000000003db7000 	/System/Library/Frameworks/CoreServices.framework/Versions/A/Frameworks/AE.framework/Versions/A/AE
0x0000000003db7000 	/System/Library/Frameworks/CoreServices.framework/Versions/A/Frameworks/LaunchServices.framework/Versions/A/LaunchServices
0x0000000003db7000 	/System/Library/Frameworks/CoreServices.framework/Versions/A/Frameworks/DictionaryServices.framework/Versions/A/DictionaryServices
0x0000000003db7000 	/System/Library/Frameworks/NetFS.framework/Versions/A/NetFS
0x0000000003db7000 	/System/Library/PrivateFrameworks/NetAuth.framework/Versions/A/NetAuth
0x0000000003db7000 	/System/Library/PrivateFrameworks/login.framework/Versions/A/Frameworks/loginsupport.framework/Versions/A/loginsupport
0x0000000003db7000 	/System/Library/PrivateFrameworks/TCC.framework/Versions/A/TCC
0x0000000003db7000 	/usr/lib/libmecabra.dylib
0x0000000003db7000 	/System/Library/Frameworks/ApplicationServices.framework/Versions/A/Frameworks/ATS.framework/Versions/A/ATS
0x0000000003db7000 	/System/Library/Frameworks/ApplicationServices.framework/Versions/A/Frameworks/ColorSync.framework/Versions/A/ColorSync
0x0000000003db7000 	/System/Library/Frameworks/ApplicationServices.framework/Versions/A/Frameworks/HIServices.framework/Versions/A/HIServices
0x0000000003db7000 	/System/Library/Frameworks/ApplicationServices.framework/Versions/A/Frameworks/LangAnalysis.framework/Versions/A/LangAnalysis
0x0000000003db7000 	/System/Library/Frameworks/ApplicationServices.framework/Versions/A/Frameworks/PrintCore.framework/Versions/A/PrintCore
0x0000000003db7000 	/System/Library/Frameworks/ApplicationServices.framework/Versions/A/Frameworks/QD.framework/Versions/A/QD
0x0000000003db7000 	/System/Library/Frameworks/ApplicationServices.framework/Versions/A/Frameworks/SpeechSynthesis.framework/Versions/A/SpeechSynthesis
0x0000000003db7000 	/System/Library/Frameworks/Accelerate.framework/Versions/A/Accelerate
0x0000000003db7000 	/System/Library/Frameworks/Accelerate.framework/Versions/A/Frameworks/vImage.framework/Versions/A/vImage
0x0000000003db7000 	/System/Library/Frameworks/Accelerate.framework/Versions/A/Frameworks/vecLib.framework/Versions/A/vecLib
0x0000000003db7000 	/System/Library/Frameworks/Accelerate.framework/Versions/A/Frameworks/vecLib.framework/Versions/A/libvDSP.dylib
0x0000000003db7000 	/System/Library/Frameworks/Accelerate.framework/Versions/A/Frameworks/vecLib.framework/Versions/A/libvMisc.dylib
0x0000000003db7000 	/System/Library/Frameworks/Accelerate.framework/Versions/A/Frameworks/vecLib.framework/Versions/A/libLAPACK.dylib
0x0000000003db7000 	/System/Library/Frameworks/Accelerate.framework/Versions/A/Frameworks/vecLib.framework/Versions/A/libBLAS.dylib
0x0000000003db7000 	/System/Library/Frameworks/Accelerate.framework/Versions/A/Frameworks/vecLib.framework/Versions/A/libLinearAlgebra.dylib
0x0000000003db7000 	/System/Library/Frameworks/ApplicationServices.framework/Versions/A/Frameworks/ATS.framework/Versions/A/Resources/libFontParser.dylib
0x0000000003db7000 	/System/Library/Frameworks/ApplicationServices.framework/Versions/A/Frameworks/ATS.framework/Versions/A/Resources/libFontRegistry.dylib
0x0000000003db7000 	/System/Library/PrivateFrameworks/AppleVPA.framework/Versions/A/AppleVPA
0x0000000003db7000 	/System/Library/PrivateFrameworks/AppleJPEG.framework/Versions/A/AppleJPEG
0x0000000003db7000 	/System/Library/Frameworks/ImageIO.framework/Versions/A/Resources/libJPEG.dylib
0x0000000003db7000 	/System/Library/Frameworks/ImageIO.framework/Versions/A/Resources/libTIFF.dylib
0x0000000003db7000 	/System/Library/Frameworks/ImageIO.framework/Versions/A/Resources/libPng.dylib
0x0000000003db7000 	/System/Library/Frameworks/ImageIO.framework/Versions/A/Resources/libGIF.dylib
0x0000000003db7000 	/System/Library/Frameworks/ImageIO.framework/Versions/A/Resources/libJP2.dylib
0x0000000003db7000 	/System/Library/Frameworks/ImageIO.framework/Versions/A/Resources/libRadiance.dylib
0x0000000003db7000 	/System/Library/Frameworks/CoreVideo.framework/Versions/A/CoreVideo
0x0000000003db7000 	/System/Library/Frameworks/OpenGL.framework/Versions/A/Libraries/libGLU.dylib
0x0000000003db7000 	/System/Library/Frameworks/OpenGL.framework/Versions/A/Libraries/libGFXShared.dylib
0x0000000003db7000 	/System/Library/Frameworks/OpenGL.framework/Versions/A/Libraries/libGL.dylib
0x0000000003db7000 	/System/Library/Frameworks/OpenGL.framework/Versions/A/Libraries/libGLImage.dylib
0x0000000003db7000 	/System/Library/Frameworks/OpenGL.framework/Versions/A/Libraries/libCVMSPluginSupport.dylib
0x0000000003db7000 	/System/Library/Frameworks/OpenGL.framework/Versions/A/Libraries/libCoreVMClient.dylib
0x0000000003db7000 	/usr/lib/libcups.2.dylib
0x0000000003db7000 	/System/Library/Frameworks/Kerberos.framework/Versions/A/Kerberos
0x0000000003db7000 	/System/Library/Frameworks/GSS.framework/Versions/A/GSS
0x0000000003db7000 	/usr/lib/libresolv.9.dylib
0x0000000003db7000 	/usr/lib/libiconv.2.dylib
0x0000000003db7000 	/System/Library/PrivateFrameworks/Heimdal.framework/Versions/A/Heimdal
0x0000000003db7000 	/usr/lib/libheimdal-asn1.dylib
0x0000000003db7000 	/System/Library/Frameworks/OpenDirectory.framework/Versions/A/OpenDirectory
0x0000000003db7000 	/System/Library/PrivateFrameworks/CommonAuth.framework/Versions/A/CommonAuth
0x0000000003db7000 	/System/Library/Frameworks/OpenDirectory.framework/Versions/A/Frameworks/CFOpenDirectory.framework/Versions/A/CFOpenDirectory
0x0000000003db7000 	/System/Library/Frameworks/SecurityFoundation.framework/Versions/A/SecurityFoundation
0x0000000003db7000 	/System/Library/PrivateFrameworks/LanguageModeling.framework/Versions/A/LanguageModeling
0x0000000003db7000 	/usr/lib/libcmph.dylib
0x0000000003db7000 	/System/Library/Frameworks/ServiceManagement.framework/Versions/A/ServiceManagement
0x0000000003db7000 	/usr/lib/libxslt.1.dylib
0x0000000003db7000 	/System/Library/Frameworks/Carbon.framework/Versions/A/Frameworks/Ink.framework/Versions/A/Ink
0x0000000003db7000 	/System/Library/Frameworks/QuartzCore.framework/Versions/A/Frameworks/CoreImage.framework/Versions/A/CoreImage
0x0000000003db7000 	/System/Library/PrivateFrameworks/CrashReporterSupport.framework/Versions/A/CrashReporterSupport
0x0000000003db7000 	/System/Library/Frameworks/OpenCL.framework/Versions/A/OpenCL
0x0000000003db7000 	/System/Library/PrivateFrameworks/FaceCore.framework/Versions/A/FaceCore
0x0000000003db7000 	/System/Library/PrivateFrameworks/Ubiquity.framework/Versions/A/Ubiquity
0x0000000003db7000 	/System/Library/PrivateFrameworks/IconServices.framework/Versions/A/IconServices
0x0000000003db7000 	/System/Library/PrivateFrameworks/ChunkingLibrary.framework/Versions/A/ChunkingLibrary
0x0000000003db7000 	/System/Library/PrivateFrameworks/Apple80211.framework/Versions/A/Apple80211
0x0000000003db7000 	/System/Library/Frameworks/CoreWLAN.framework/Versions/A/CoreWLAN
0x0000000003db7000 	/System/Library/Frameworks/IOBluetooth.framework/Versions/A/IOBluetooth
0x0000000003db7000 	/System/Library/PrivateFrameworks/CoreWiFi.framework/Versions/A/CoreWiFi
0x0000000003db7000 	/System/Library/Frameworks/CoreBluetooth.framework/Versions/A/CoreBluetooth
0x0000000003db7000 	/System/Library/PrivateFrameworks/DebugSymbols.framework/Versions/A/DebugSymbols
0x0000000003db7000 	/System/Library/PrivateFrameworks/CoreSymbolication.framework/Versions/A/CoreSymbolication
0x0000000003db7000 	/System/Library/PrivateFrameworks/Symbolication.framework/Versions/A/Symbolication
0x0000000003db7000 	/System/Library/PrivateFrameworks/SpeechRecognitionCore.framework/Versions/A/SpeechRecognitionCore
0x000000010cbf4000 	/Library/Java/JavaVirtualMachines/jdk1.8.0_25.jdk/Contents/Home/jre/lib/server/libjvm.dylib
0x0000000003db7000 	/usr/lib/libstdc++.6.dylib
0x000000010db27000 	/Library/Java/JavaVirtualMachines/jdk1.8.0_25.jdk/Contents/Home/jre/lib/libverify.dylib
0x000000010db35000 	/Library/Java/JavaVirtualMachines/jdk1.8.0_25.jdk/Contents/Home/jre/lib/libjava.dylib
0x000000010db73000 	/Library/Java/JavaVirtualMachines/jdk1.8.0_25.jdk/Contents/Home/jre/lib/libzip.dylib
0x0000000124507000 	/System/Library/Frameworks/JavaVM.framework/Frameworks/JavaRuntimeSupport.framework/JavaRuntimeSupport
0x000000012451d000 	/System/Library/Frameworks/JavaVM.framework/Versions/A/Frameworks/JavaNativeFoundation.framework/Versions/A/JavaNativeFoundation
0x000000010dbed000 	/System/Library/Frameworks/JavaVM.framework/Versions/A/JavaVM
0x0000000003db7000 	/System/Library/Frameworks/Carbon.framework/Versions/A/Carbon
0x0000000124531000 	/System/Library/PrivateFrameworks/JavaLaunching.framework/Versions/A/JavaLaunching
0x0000000003db7000 	/System/Library/Frameworks/Carbon.framework/Versions/A/Frameworks/CommonPanels.framework/Versions/A/CommonPanels
0x0000000003db7000 	/System/Library/Frameworks/Carbon.framework/Versions/A/Frameworks/Help.framework/Versions/A/Help
0x0000000003db7000 	/System/Library/Frameworks/Carbon.framework/Versions/A/Frameworks/ImageCapture.framework/Versions/A/ImageCapture
0x0000000003db7000 	/System/Library/Frameworks/Carbon.framework/Versions/A/Frameworks/OpenScripting.framework/Versions/A/OpenScripting
0x0000000003db7000 	/System/Library/Frameworks/Carbon.framework/Versions/A/Frameworks/Print.framework/Versions/A/Print
0x0000000003db7000 	/System/Library/Frameworks/Carbon.framework/Versions/A/Frameworks/SecurityHI.framework/Versions/A/SecurityHI
0x0000000126460000 	/Library/Java/JavaVirtualMachines/jdk1.8.0_25.jdk/Contents/Home/jre/lib/libawt.dylib
0x000000012650f000 	/Library/Java/JavaVirtualMachines/jdk1.8.0_25.jdk/Contents/Home/jre/lib/./libmlib_image.dylib
0x00000001265db000 	/Library/Java/JavaVirtualMachines/jdk1.8.0_25.jdk/Contents/Home/jre/lib/libawt_lwawt.dylib
0x000000012668e000 	/Library/Java/JavaVirtualMachines/jdk1.8.0_25.jdk/Contents/Home/jre/lib/./libosxapp.dylib
0x0000000003db7000 	/System/Library/Frameworks/ExceptionHandling.framework/Versions/A/ExceptionHandling
0x0000000003db7000 	/System/Library/PrivateFrameworks/CoreServicesInternal.framework/Versions/A/CoreServicesInternal
0x0000000003db7000 	/System/Library/PrivateFrameworks/CloudDocs.framework/Versions/A/CloudDocs
0x0000000003db7000 	/System/Library/PrivateFrameworks/CoreDuet.framework/Versions/A/CoreDuet
0x0000000003db7000 	/System/Library/Frameworks/CloudKit.framework/Versions/A/CloudKit
0x0000000003db7000 	/System/Library/PrivateFrameworks/ProtocolBuffer.framework/Versions/A/ProtocolBuffer
0x0000000003db7000 	/System/Library/PrivateFrameworks/CoreDuetDaemonProtocol.framework/Versions/A/CoreDuetDaemonProtocol
0x0000000003db7000 	/System/Library/PrivateFrameworks/CoreDuetDebugLogging.framework/Versions/A/CoreDuetDebugLogging
0x0000000003db7000 	/System/Library/PrivateFrameworks/MMCS.framework/Versions/A/MMCS
0x0000000003db7000 	/System/Library/Frameworks/CoreLocation.framework/Versions/A/CoreLocation
0x0000000003db7000 	/System/Library/PrivateFrameworks/ProtectedCloudStorage.framework/Versions/A/ProtectedCloudStorage
0x0000000003db7000 	/System/Library/PrivateFrameworks/GeoServices.framework/Versions/A/GeoServices
0x0000000003db7000 	/System/Library/Frameworks/CoreGraphics.framework/Versions/A/Resources/libCGCMS.A.dylib
0x0000000003db7000 	/System/Library/Frameworks/CoreGraphics.framework/Versions/A/Resources/libRIP.A.dylib
0x0000000003db7000 	/System/Library/Frameworks/CoreGraphics.framework/Versions/A/Resources/libCGXType.A.dylib
0x0000000003db7000 	/System/Library/Frameworks/OpenCL.framework/Versions/A/Libraries/libcldcpuengine.dylib
0x0000000003db7000 	/System/Library/PrivateFrameworks/DiskImages.framework/Versions/A/DiskImages
0x0000000003db7000 	/System/Library/Frameworks/DiscRecording.framework/Versions/A/DiscRecording
0x0000000003db7000 	/usr/lib/libcsfde.dylib
0x0000000003db7000 	/usr/lib/libcurl.4.dylib
0x0000000003db7000 	/System/Library/PrivateFrameworks/MediaKit.framework/Versions/A/MediaKit
0x0000000003db7000 	/usr/lib/libCoreStorage.dylib
0x0000000003db7000 	/System/Library/PrivateFrameworks/EFILogin.framework/Versions/A/EFILogin
0x0000000003db7000 	/usr/lib/libutil.dylib
0x0000000003db7000 	/System/Library/PrivateFrameworks/FindMyDevice.framework/Versions/A/FindMyDevice
0x0000000003db7000 	/System/Library/Frameworks/LDAP.framework/Versions/A/LDAP
0x0000000003db7000 	/usr/lib/libsasl2.2.dylib
0x0000000003db7000 	/System/Library/PrivateFrameworks/CoreDaemon.framework/Versions/B/CoreDaemon
0x0000000003db7000 	/usr/lib/libcrypto.0.9.8.dylib
0x0000000003db7000 	/System/Library/PrivateFrameworks/AppleSRP.framework/Versions/A/AppleSRP
0x0000000003db7000 	/System/Library/PrivateFrameworks/TrustEvaluationAgent.framework/Versions/A/TrustEvaluationAgent
0x000000012987b000 	cl_kernels
0x000000012987d000 	/System/Library/Frameworks/OpenCL.framework/Versions/A/Libraries/ImageFormats/unorm8_bgra.dylib
0x000000012986d000 	cl_kernels
0x0000000003db7000 	/System/Library/PrivateFrameworks/FamilyControls.framework/Versions/A/FamilyControls
0x0000000003db7000 	/System/Library/PrivateFrameworks/CommerceKit.framework/Versions/A/Frameworks/CommerceCore.framework/Versions/A/CommerceCore
0x0000000003db7000 	/System/Library/PrivateFrameworks/SystemAdministration.framework/Versions/A/SystemAdministration
0x0000000003db7000 	/System/Library/PrivateFrameworks/AppContainer.framework/Versions/A/AppContainer
0x0000000003db7000 	/System/Library/PrivateFrameworks/SecCodeWrapper.framework/Versions/A/SecCodeWrapper
0x0000000003db7000 	/System/Library/Frameworks/DirectoryService.framework/Versions/A/DirectoryService
0x0000000003db7000 	/System/Library/PrivateFrameworks/LoginUIKit.framework/Versions/A/Frameworks/LoginUICore.framework/Versions/A/LoginUICore
0x0000000003db7000 	/usr/lib/libodfde.dylib
0x000000012ab01000 	/Library/Java/JavaVirtualMachines/jdk1.8.0_25.jdk/Contents/Home/jre/lib/libfontmanager.dylib
0x000000012ab68000 	/Users/Zain/LWJGL/lwjgl-2.9.3/native/macosx/liblwjgl.dylib
0x0000000128ced000 	/Library/Java/JavaVirtualMachines/jdk1.8.0_25.jdk/Contents/Home/jre/lib/libjawt.dylib
0x0000000003db7000 	/System/Library/Frameworks/OpenGL.framework/Versions/A/Resources/GLEngine.bundle/GLEngine
0x0000000003db7000 	/System/Library/Frameworks/OpenGL.framework/Versions/A/Libraries/libGLProgrammability.dylib
0x0000000000000000 	/System/Library/Extensions/AppleIntelHD5000GraphicsGLDriver.bundle/Contents/MacOS/AppleIntelHD5000GraphicsGLDriver
0x0000000003db7000 	/System/Library/PrivateFrameworks/IOAccelerator.framework/Versions/A/IOAccelerator
0x0000000003db7000 	/System/Library/PrivateFrameworks/GPUSupport.framework/Versions/A/Libraries/libGPUSupportMercury.dylib
0x0000000003db7000 	/System/Library/Frameworks/OpenGL.framework/Versions/A/Resources/GLRendererFloat.bundle/GLRendererFloat
0x000000012bb53000 	/Users/Zain/LWJGL/lwjgl-2.9.3/native/macosx/libjinput-osx.dylib
0x000000012bb58000 	/System/Library/Extensions/IOHIDFamily.kext/Contents/PlugIns/IOHIDLib.plugin/Contents/MacOS/IOHIDLib

VM Arguments:
jvm_args: -Dfile.encoding=UTF-8 -Djava.library.path=/Users/Zain/LWJGL/lwjgl-2.9.3/native/macosx 
java_command: snakeGame.SnakeRunner
java_class_path (initial): /Users/Zain/LWJGL/lwjgl-2.9.3/jar/jinput.jar:/Users/Zain/LWJGL/lwjgl-2.9.3/jar/lwjgl-debug.jar:/Users/Zain/LWJGL/lwjgl-2.9.3/jar/lwjgl.jar:/Users/Zain/LWJGL/lwjgl-2.9.3/jar/lwjgl_test.jar:/Users/Zain/LWJGL/lwjgl-2.9.3/jar/lwjgl_util.jar:/Users/Zain/SLICK-UTIL/lib/slick-util.jar:/Users/Zain/SLICK2D/slick/lib/slick.jar:/Users/Zain/NetBeansProjects/Snake_Copy/build/classes
Launcher Type: SUN_STANDARD

Environment Variables:
PATH=/usr/bin:/bin:/usr/sbin:/sbin
LD_LIBRARY_PATH=/Library/Java/JavaVirtualMachines/jdk1.8.0_25.jdk/Contents/Home/jre/lib/amd64:/Library/Java/JavaVirtualMachines/jdk1.8.0_25.jdk/Contents/Home/jre/lib/i386:
SHELL=/bin/bash
DYLD_LIBRARY_PATH=/Applications/NetBeans/NetBeans 8.0.2.app/Contents/Resources/NetBeans/webcommon/bin:

Signal Handlers:
SIGSEGV: [libjvm.dylib+0x579dc7], sa_mask[0]=11111111011111110111111111111111, sa_flags=SA_ONSTACK|SA_RESTART|SA_SIGINFO
SIGBUS: [libjvm.dylib+0x579dc7], sa_mask[0]=11111111011111110111111111111111, sa_flags=SA_RESTART|SA_SIGINFO
SIGFPE: [libjvm.dylib+0x45b030], sa_mask[0]=11111111011111110111111111111111, sa_flags=SA_RESTART|SA_SIGINFO
SIGPIPE: [libjvm.dylib+0x45b030], sa_mask[0]=11111111011111110111111111111111, sa_flags=SA_RESTART|SA_SIGINFO
SIGXFSZ: [libjvm.dylib+0x45b030], sa_mask[0]=11111111011111110111111111111111, sa_flags=SA_RESTART|SA_SIGINFO
SIGILL: [libjvm.dylib+0x45b030], sa_mask[0]=11111111011111110111111111111111, sa_flags=SA_RESTART|SA_SIGINFO
SIGUSR1: SIG_DFL, sa_mask[0]=00000000000000000000000000000000, sa_flags=none
SIGUSR2: [libjvm.dylib+0x45ab4e], sa_mask[0]=00100000000000000000000000000000, sa_flags=SA_RESTART|SA_SIGINFO
SIGHUP: [libjvm.dylib+0x459121], sa_mask[0]=11111111011111110111111111111111, sa_flags=SA_RESTART|SA_SIGINFO
SIGINT: SIG_IGN, sa_mask[0]=00000000000000000000000000000000, sa_flags=none
SIGTERM: [libjvm.dylib+0x459121], sa_mask[0]=11111111011111110111111111111111, sa_flags=SA_RESTART|SA_SIGINFO
SIGQUIT: [libjvm.dylib+0x459121], sa_mask[0]=11111111011111110111111111111111, sa_flags=SA_RESTART|SA_SIGINFO


---------------  S Y S T E M  ---------------

OS:Bsduname:Darwin 14.4.0 Darwin Kernel Version 14.4.0: Thu May 28 11:35:04 PDT 2015; root:xnu-2782.30.5~1/RELEASE_X86_64 x86_64
rlimit: STACK 8192k, CORE 0k, NPROC 709, NOFILE 10240, AS infinity
load average:1.91 1.87 1.93

CPU:total 4 (2 cores per cpu, 2 threads per core) family 6 model 69 stepping 1, cmov, cx8, fxsr, mmx, sse, sse2, sse3, ssse3, sse4.1, sse4.2, popcnt, avx, avx2, aes, clmul, erms, lzcnt, ht, tsc, tscinvbit, bmi1, bmi2

Memory: 4k page, physical 8388608k(62260k free)

/proc/meminfo:


vm_info: Java HotSpot(TM) 64-Bit Server VM (25.25-b02) for bsd-amd64 JRE (1.8.0_25-b17), built on Sep 17 2014 16:56:50 by "java_re" with gcc 4.2.1 (Based on Apple Inc. build 5658) (LLVM build 2336.11.00)

time: Sun Aug  2 10:59:13 2015
elapsed time: 9 seconds (0d 0h 0m 9s)

